{"E:\\code\\web-stroker\\src\\measurements.ts": {"path":"E:\\code\\web-stroker\\src\\measurements.ts","statementMap":{"0":{"start":{"line":4,"column":13},"end":{"line":4,"column":null}},"1":{"start":{"line":5,"column":13},"end":{"line":5,"column":null}},"2":{"start":{"line":6,"column":2},"end":{"line":6,"column":null}},"3":{"start":{"line":10,"column":13},"end":{"line":10,"column":null}},"4":{"start":{"line":11,"column":13},"end":{"line":11,"column":null}},"5":{"start":{"line":13,"column":14},"end":{"line":13,"column":null}},"6":{"start":{"line":14,"column":15},"end":{"line":14,"column":null}},"7":{"start":{"line":15,"column":15},"end":{"line":15,"column":null}},"8":{"start":{"line":17,"column":2},"end":{"line":17,"column":null}},"9":{"start":{"line":17,"column":32},"end":{"line":17,"column":null}},"10":{"start":{"line":19,"column":19},"end":{"line":19,"column":null}},"11":{"start":{"line":20,"column":2},"end":{"line":20,"column":null}},"12":{"start":{"line":24,"column":2},"end":{"line":24,"column":null}},"13":{"start":{"line":28,"column":2},"end":{"line":28,"column":null}},"14":{"start":{"line":32,"column":2},"end":{"line":40,"column":null}},"15":{"start":{"line":33,"column":4},"end":{"line":35,"column":null}},"16":{"start":{"line":34,"column":6},"end":{"line":34,"column":null}},"17":{"start":{"line":36,"column":4},"end":{"line":38,"column":null}},"18":{"start":{"line":37,"column":6},"end":{"line":37,"column":null}},"19":{"start":{"line":39,"column":4},"end":{"line":39,"column":null}},"20":{"start":{"line":42,"column":2},"end":{"line":44,"column":null}},"21":{"start":{"line":43,"column":4},"end":{"line":43,"column":null}},"22":{"start":{"line":46,"column":2},"end":{"line":48,"column":null}},"23":{"start":{"line":47,"column":4},"end":{"line":47,"column":null}},"24":{"start":{"line":50,"column":2},"end":{"line":52,"column":null}},"25":{"start":{"line":51,"column":4},"end":{"line":51,"column":null}},"26":{"start":{"line":54,"column":2},"end":{"line":54,"column":null}},"27":{"start":{"line":58,"column":2},"end":{"line":66,"column":null}},"28":{"start":{"line":59,"column":4},"end":{"line":61,"column":null}},"29":{"start":{"line":60,"column":6},"end":{"line":60,"column":null}},"30":{"start":{"line":62,"column":4},"end":{"line":64,"column":null}},"31":{"start":{"line":63,"column":6},"end":{"line":63,"column":null}},"32":{"start":{"line":65,"column":4},"end":{"line":65,"column":null}},"33":{"start":{"line":68,"column":21},"end":{"line":68,"column":null}},"34":{"start":{"line":70,"column":2},"end":{"line":72,"column":null}},"35":{"start":{"line":71,"column":4},"end":{"line":71,"column":null}},"36":{"start":{"line":74,"column":2},"end":{"line":76,"column":null}},"37":{"start":{"line":75,"column":4},"end":{"line":75,"column":null}},"38":{"start":{"line":78,"column":2},"end":{"line":78,"column":null}},"39":{"start":{"line":82,"column":2},"end":{"line":84,"column":null}},"40":{"start":{"line":83,"column":4},"end":{"line":83,"column":null}},"41":{"start":{"line":86,"column":19},"end":{"line":86,"column":null}},"42":{"start":{"line":87,"column":2},"end":{"line":87,"column":null}},"43":{"start":{"line":91,"column":2},"end":{"line":91,"column":null}},"44":{"start":{"line":99,"column":19},"end":{"line":99,"column":null}},"45":{"start":{"line":100,"column":19},"end":{"line":100,"column":null}},"46":{"start":{"line":102,"column":13},"end":{"line":102,"column":null}},"47":{"start":{"line":103,"column":13},"end":{"line":103,"column":null}},"48":{"start":{"line":104,"column":15},"end":{"line":104,"column":null}},"49":{"start":{"line":106,"column":2},"end":{"line":108,"column":null}},"50":{"start":{"line":107,"column":4},"end":{"line":107,"column":null}},"51":{"start":{"line":110,"column":2},"end":{"line":110,"column":null}},"52":{"start":{"line":124,"column":13},"end":{"line":124,"column":null}},"53":{"start":{"line":125,"column":16},"end":{"line":125,"column":null}},"54":{"start":{"line":126,"column":2},"end":{"line":126,"column":null}},"55":{"start":{"line":136,"column":16},"end":{"line":136,"column":null}},"56":{"start":{"line":137,"column":21},"end":{"line":137,"column":null}},"57":{"start":{"line":138,"column":20},"end":{"line":138,"column":null}},"58":{"start":{"line":139,"column":2},"end":{"line":139,"column":null}},"59":{"start":{"line":148,"column":13},"end":{"line":148,"column":null}},"60":{"start":{"line":149,"column":16},"end":{"line":149,"column":null}},"61":{"start":{"line":150,"column":2},"end":{"line":150,"column":null}},"62":{"start":{"line":160,"column":14},"end":{"line":160,"column":null}},"63":{"start":{"line":161,"column":14},"end":{"line":161,"column":null}},"64":{"start":{"line":162,"column":14},"end":{"line":162,"column":null}},"65":{"start":{"line":163,"column":14},"end":{"line":163,"column":null}},"66":{"start":{"line":165,"column":15},"end":{"line":165,"column":null}},"67":{"start":{"line":166,"column":15},"end":{"line":166,"column":null}},"68":{"start":{"line":168,"column":2},"end":{"line":170,"column":null}},"69":{"start":{"line":169,"column":4},"end":{"line":169,"column":null}},"70":{"start":{"line":172,"column":14},"end":{"line":172,"column":null}},"71":{"start":{"line":173,"column":19},"end":{"line":173,"column":null}},"72":{"start":{"line":174,"column":16},"end":{"line":174,"column":null}},"73":{"start":{"line":176,"column":21},"end":{"line":176,"column":null}},"74":{"start":{"line":177,"column":20},"end":{"line":177,"column":null}},"75":{"start":{"line":178,"column":2},"end":{"line":178,"column":null}},"76":{"start":{"line":188,"column":14},"end":{"line":188,"column":null}},"77":{"start":{"line":189,"column":14},"end":{"line":189,"column":null}},"78":{"start":{"line":190,"column":14},"end":{"line":190,"column":null}},"79":{"start":{"line":191,"column":14},"end":{"line":191,"column":null}},"80":{"start":{"line":193,"column":15},"end":{"line":193,"column":null}},"81":{"start":{"line":194,"column":15},"end":{"line":194,"column":null}},"82":{"start":{"line":196,"column":2},"end":{"line":196,"column":null}},"83":{"start":{"line":196,"column":32},"end":{"line":196,"column":null}},"84":{"start":{"line":198,"column":16},"end":{"line":198,"column":null}},"85":{"start":{"line":199,"column":2},"end":{"line":199,"column":null}},"86":{"start":{"line":212,"column":13},"end":{"line":212,"column":27}},"87":{"start":{"line":212,"column":32},"end":{"line":212,"column":null}},"88":{"start":{"line":213,"column":13},"end":{"line":213,"column":25}},"89":{"start":{"line":213,"column":30},"end":{"line":213,"column":null}},"90":{"start":{"line":214,"column":13},"end":{"line":214,"column":27}},"91":{"start":{"line":214,"column":32},"end":{"line":214,"column":null}},"92":{"start":{"line":215,"column":13},"end":{"line":215,"column":25}},"93":{"start":{"line":215,"column":30},"end":{"line":215,"column":null}},"94":{"start":{"line":217,"column":8},"end":{"line":217,"column":null}},"95":{"start":{"line":220,"column":2},"end":{"line":225,"column":null}},"96":{"start":{"line":222,"column":17},"end":{"line":222,"column":null}},"97":{"start":{"line":223,"column":17},"end":{"line":223,"column":null}},"98":{"start":{"line":224,"column":4},"end":{"line":224,"column":null}},"99":{"start":{"line":227,"column":8},"end":{"line":227,"column":null}},"100":{"start":{"line":229,"column":2},"end":{"line":232,"column":null}},"101":{"start":{"line":249,"column":18},"end":{"line":249,"column":null}},"102":{"start":{"line":252,"column":13},"end":{"line":252,"column":null}},"103":{"start":{"line":253,"column":13},"end":{"line":253,"column":null}},"104":{"start":{"line":254,"column":20},"end":{"line":254,"column":null}},"105":{"start":{"line":257,"column":2},"end":{"line":262,"column":null}},"106":{"start":{"line":258,"column":25},"end":{"line":260,"column":null}},"107":{"start":{"line":261,"column":4},"end":{"line":261,"column":null}},"108":{"start":{"line":265,"column":13},"end":{"line":265,"column":null}},"109":{"start":{"line":266,"column":13},"end":{"line":266,"column":null}},"110":{"start":{"line":269,"column":8},"end":{"line":269,"column":null}},"111":{"start":{"line":272,"column":19},"end":{"line":272,"column":null}},"112":{"start":{"line":273,"column":19},"end":{"line":273,"column":null}},"113":{"start":{"line":276,"column":16},"end":{"line":276,"column":null}},"114":{"start":{"line":277,"column":16},"end":{"line":277,"column":null}},"115":{"start":{"line":278,"column":17},"end":{"line":278,"column":null}},"116":{"start":{"line":279,"column":15},"end":{"line":279,"column":null}},"117":{"start":{"line":282,"column":2},"end":{"line":284,"column":null}},"118":{"start":{"line":283,"column":4},"end":{"line":283,"column":null}},"119":{"start":{"line":287,"column":2},"end":{"line":289,"column":null}},"120":{"start":{"line":288,"column":4},"end":{"line":288,"column":null}},"121":{"start":{"line":293,"column":20},"end":{"line":293,"column":null}},"122":{"start":{"line":296,"column":17},"end":{"line":296,"column":null}},"123":{"start":{"line":297,"column":17},"end":{"line":297,"column":null}},"124":{"start":{"line":298,"column":17},"end":{"line":298,"column":null}},"125":{"start":{"line":300,"column":2},"end":{"line":309,"column":null}},"126":{"start":{"line":323,"column":13},"end":{"line":323,"column":null}},"127":{"start":{"line":324,"column":13},"end":{"line":324,"column":null}},"128":{"start":{"line":325,"column":19},"end":{"line":325,"column":null}},"129":{"start":{"line":327,"column":2},"end":{"line":332,"column":null}},"130":{"start":{"line":329,"column":16},"end":{"line":329,"column":null}},"131":{"start":{"line":330,"column":16},"end":{"line":330,"column":null}},"132":{"start":{"line":331,"column":4},"end":{"line":331,"column":null}},"133":{"start":{"line":335,"column":8},"end":{"line":335,"column":null}},"134":{"start":{"line":338,"column":2},"end":{"line":340,"column":null}},"135":{"start":{"line":339,"column":4},"end":{"line":339,"column":null}},"136":{"start":{"line":343,"column":19},"end":{"line":343,"column":null}},"137":{"start":{"line":344,"column":19},"end":{"line":344,"column":null}},"138":{"start":{"line":345,"column":8},"end":{"line":345,"column":null}},"139":{"start":{"line":347,"column":2},"end":{"line":347,"column":null}},"140":{"start":{"line":359,"column":13},"end":{"line":359,"column":null}},"141":{"start":{"line":360,"column":13},"end":{"line":360,"column":null}},"142":{"start":{"line":361,"column":19},"end":{"line":361,"column":null}},"143":{"start":{"line":363,"column":2},"end":{"line":366,"column":null}},"144":{"start":{"line":365,"column":4},"end":{"line":365,"column":null}},"145":{"start":{"line":369,"column":6},"end":{"line":369,"column":null}},"146":{"start":{"line":370,"column":2},"end":{"line":370,"column":null}},"147":{"start":{"line":372,"column":2},"end":{"line":375,"column":null}},"148":{"start":{"line":390,"column":19},"end":{"line":390,"column":null}},"149":{"start":{"line":391,"column":19},"end":{"line":391,"column":null}},"150":{"start":{"line":393,"column":13},"end":{"line":393,"column":null}},"151":{"start":{"line":394,"column":13},"end":{"line":394,"column":null}},"152":{"start":{"line":395,"column":15},"end":{"line":395,"column":null}},"153":{"start":{"line":397,"column":2},"end":{"line":403,"column":null}},"154":{"start":{"line":398,"column":4},"end":{"line":402,"column":null}},"155":{"start":{"line":405,"column":2},"end":{"line":405,"column":null}},"156":{"start":{"line":412,"column":17},"end":{"line":412,"column":null}},"157":{"start":{"line":413,"column":13},"end":{"line":413,"column":null}},"158":{"start":{"line":414,"column":13},"end":{"line":414,"column":null}},"159":{"start":{"line":415,"column":15},"end":{"line":415,"column":null}},"160":{"start":{"line":417,"column":2},"end":{"line":423,"column":null}},"161":{"start":{"line":418,"column":4},"end":{"line":422,"column":null}},"162":{"start":{"line":425,"column":2},"end":{"line":425,"column":null}},"163":{"start":{"line":433,"column":41},"end":{"line":433,"column":null}},"164":{"start":{"line":435,"column":2},"end":{"line":449,"column":null}},"165":{"start":{"line":436,"column":15},"end":{"line":436,"column":null}},"166":{"start":{"line":437,"column":15},"end":{"line":437,"column":null}},"167":{"start":{"line":438,"column":17},"end":{"line":438,"column":null}},"168":{"start":{"line":440,"column":4},"end":{"line":448,"column":null}},"169":{"start":{"line":441,"column":6},"end":{"line":447,"column":null}},"170":{"start":{"line":442,"column":8},"end":{"line":446,"column":null}},"171":{"start":{"line":451,"column":2},"end":{"line":451,"column":null}},"172":{"start":{"line":459,"column":41},"end":{"line":459,"column":null}},"173":{"start":{"line":461,"column":2},"end":{"line":486,"column":null}},"174":{"start":{"line":462,"column":4},"end":{"line":462,"column":null}},"175":{"start":{"line":462,"column":68},"end":{"line":462,"column":null}},"176":{"start":{"line":464,"column":4},"end":{"line":485,"column":null}},"177":{"start":{"line":465,"column":6},"end":{"line":465,"column":null}},"178":{"start":{"line":465,"column":37},"end":{"line":465,"column":null}},"179":{"start":{"line":467,"column":25},"end":{"line":467,"column":null}},"180":{"start":{"line":468,"column":23},"end":{"line":468,"column":null}},"181":{"start":{"line":470,"column":6},"end":{"line":484,"column":null}},"182":{"start":{"line":471,"column":19},"end":{"line":471,"column":null}},"183":{"start":{"line":472,"column":19},"end":{"line":472,"column":null}},"184":{"start":{"line":473,"column":21},"end":{"line":473,"column":null}},"185":{"start":{"line":475,"column":8},"end":{"line":483,"column":null}},"186":{"start":{"line":476,"column":10},"end":{"line":482,"column":null}},"187":{"start":{"line":477,"column":12},"end":{"line":481,"column":null}},"188":{"start":{"line":488,"column":2},"end":{"line":488,"column":null}},"189":{"start":{"line":501,"column":41},"end":{"line":501,"column":null}},"190":{"start":{"line":503,"column":2},"end":{"line":517,"column":null}},"191":{"start":{"line":504,"column":15},"end":{"line":504,"column":null}},"192":{"start":{"line":505,"column":15},"end":{"line":505,"column":null}},"193":{"start":{"line":506,"column":17},"end":{"line":506,"column":null}},"194":{"start":{"line":508,"column":4},"end":{"line":516,"column":null}},"195":{"start":{"line":509,"column":6},"end":{"line":515,"column":null}},"196":{"start":{"line":510,"column":8},"end":{"line":514,"column":null}},"197":{"start":{"line":519,"column":2},"end":{"line":519,"column":null}},"198":{"start":{"line":533,"column":64},"end":{"line":533,"column":null}},"199":{"start":{"line":535,"column":29},"end":{"line":535,"column":null}},"200":{"start":{"line":536,"column":2},"end":{"line":538,"column":null}},"201":{"start":{"line":537,"column":4},"end":{"line":537,"column":null}},"202":{"start":{"line":540,"column":2},"end":{"line":545,"column":null}},"203":{"start":{"line":541,"column":27},"end":{"line":541,"column":null}},"204":{"start":{"line":542,"column":4},"end":{"line":544,"column":null}},"205":{"start":{"line":543,"column":6},"end":{"line":543,"column":null}},"206":{"start":{"line":547,"column":28},"end":{"line":547,"column":null}},"207":{"start":{"line":548,"column":2},"end":{"line":550,"column":null}},"208":{"start":{"line":549,"column":4},"end":{"line":549,"column":null}},"209":{"start":{"line":552,"column":23},"end":{"line":552,"column":null}},"210":{"start":{"line":553,"column":2},"end":{"line":555,"column":null}},"211":{"start":{"line":554,"column":4},"end":{"line":554,"column":null}},"212":{"start":{"line":557,"column":24},"end":{"line":557,"column":null}},"213":{"start":{"line":558,"column":2},"end":{"line":558,"column":null}}},"fnMap":{"0":{"name":"distance","decl":{"start":{"line":3,"column":16},"end":{"line":3,"column":25}},"loc":{"start":{"line":3,"column":55},"end":{"line":7,"column":null}},"line":3},"1":{"name":"angleBetween","decl":{"start":{"line":9,"column":16},"end":{"line":9,"column":29}},"loc":{"start":{"line":9,"column":70},"end":{"line":21,"column":null}},"line":9},"2":{"name":"pixelsToUnit","decl":{"start":{"line":23,"column":16},"end":{"line":23,"column":29}},"loc":{"start":{"line":23,"column":95},"end":{"line":25,"column":null}},"line":23},"3":{"name":"unitToPixels","decl":{"start":{"line":27,"column":16},"end":{"line":27,"column":29}},"loc":{"start":{"line":27,"column":75},"end":{"line":29,"column":null}},"line":27},"4":{"name":"formatLength","decl":{"start":{"line":31,"column":16},"end":{"line":31,"column":29}},"loc":{"start":{"line":31,"column":71},"end":{"line":55,"column":null}},"line":31},"5":{"name":"formatArea","decl":{"start":{"line":57,"column":16},"end":{"line":57,"column":27}},"loc":{"start":{"line":57,"column":69},"end":{"line":79,"column":null}},"line":57},"6":{"name":"formatAngle","decl":{"start":{"line":81,"column":16},"end":{"line":81,"column":28}},"loc":{"start":{"line":81,"column":68},"end":{"line":88,"column":null}},"line":81},"7":{"name":"getAcuteAngle","decl":{"start":{"line":90,"column":16},"end":{"line":90,"column":30}},"loc":{"start":{"line":90,"column":53},"end":{"line":92,"column":null}},"line":90},"8":{"name":"snapToGrid","decl":{"start":{"line":94,"column":16},"end":{"line":94,"column":null}},"loc":{"start":{"line":98,"column":16},"end":{"line":111,"column":null}},"line":98},"9":{"name":"measureDistance","decl":{"start":{"line":118,"column":16},"end":{"line":118,"column":null}},"loc":{"start":{"line":123,"column":21},"end":{"line":127,"column":null}},"line":123},"10":{"name":"measureAngle","decl":{"start":{"line":129,"column":16},"end":{"line":129,"column":null}},"loc":{"start":{"line":135,"column":21},"end":{"line":140,"column":null}},"line":135},"11":{"name":"measureRadius","decl":{"start":{"line":142,"column":16},"end":{"line":142,"column":null}},"loc":{"start":{"line":147,"column":21},"end":{"line":151,"column":null}},"line":147},"12":{"name":"calculateAngleBetweenLines","decl":{"start":{"line":153,"column":16},"end":{"line":153,"column":null}},"loc":{"start":{"line":159,"column":21},"end":{"line":179,"column":null}},"line":159},"13":{"name":"checkParallelLines","decl":{"start":{"line":181,"column":16},"end":{"line":181,"column":null}},"loc":{"start":{"line":187,"column":11},"end":{"line":200,"column":null}},"line":187},"14":{"name":"findLineIntersection","decl":{"start":{"line":206,"column":16},"end":{"line":206,"column":null}},"loc":{"start":{"line":211,"column":9},"end":{"line":233,"column":null}},"line":211},"15":{"name":"lineCircleIntersections","decl":{"start":{"line":243,"column":16},"end":{"line":243,"column":null}},"loc":{"start":{"line":248,"column":11},"end":{"line":310,"column":null}},"line":248},"16":{"name":"isPointOnSegment","decl":{"start":{"line":317,"column":16},"end":{"line":317,"column":null}},"loc":{"start":{"line":322,"column":11},"end":{"line":348,"column":null}},"line":322},"17":{"name":"closestPointOnSegment","decl":{"start":{"line":354,"column":16},"end":{"line":354,"column":null}},"loc":{"start":{"line":358,"column":9},"end":{"line":376,"column":null}},"line":358},"18":{"name":"findNearestIntegerPoint","decl":{"start":{"line":386,"column":16},"end":{"line":386,"column":null}},"loc":{"start":{"line":389,"column":21},"end":{"line":406,"column":null}},"line":389},"19":{"name":"findNearestOriginPoint","decl":{"start":{"line":408,"column":16},"end":{"line":408,"column":null}},"loc":{"start":{"line":411,"column":21},"end":{"line":426,"column":null}},"line":411},"20":{"name":"findNearestPolylinePoint","decl":{"start":{"line":428,"column":16},"end":{"line":428,"column":null}},"loc":{"start":{"line":432,"column":21},"end":{"line":452,"column":null}},"line":432},"21":{"name":"findNearestStrokePoint","decl":{"start":{"line":454,"column":16},"end":{"line":454,"column":null}},"loc":{"start":{"line":458,"column":21},"end":{"line":489,"column":null}},"line":458},"22":{"name":"findNearestIntersectionPoint","decl":{"start":{"line":496,"column":16},"end":{"line":496,"column":null}},"loc":{"start":{"line":500,"column":21},"end":{"line":520,"column":null}},"line":500},"23":{"name":"findBestSnapPoint","decl":{"start":{"line":529,"column":16},"end":{"line":529,"column":null}},"loc":{"start":{"line":532,"column":21},"end":{"line":559,"column":null}},"line":532}},"branchMap":{"0":{"loc":{"start":{"line":17,"column":2},"end":{"line":17,"column":null}},"type":"if","locations":[{"start":{"line":17,"column":2},"end":{"line":17,"column":null}},{"start":{},"end":{}}],"line":17},"1":{"loc":{"start":{"line":17,"column":6},"end":{"line":17,"column":32}},"type":"binary-expr","locations":[{"start":{"line":17,"column":6},"end":{"line":17,"column":20}},{"start":{"line":17,"column":20},"end":{"line":17,"column":32}}],"line":17},"2":{"loc":{"start":{"line":32,"column":2},"end":{"line":40,"column":null}},"type":"if","locations":[{"start":{"line":32,"column":2},"end":{"line":40,"column":null}},{"start":{},"end":{}}],"line":32},"3":{"loc":{"start":{"line":33,"column":4},"end":{"line":35,"column":null}},"type":"if","locations":[{"start":{"line":33,"column":4},"end":{"line":35,"column":null}},{"start":{},"end":{}}],"line":33},"4":{"loc":{"start":{"line":36,"column":4},"end":{"line":38,"column":null}},"type":"if","locations":[{"start":{"line":36,"column":4},"end":{"line":38,"column":null}},{"start":{},"end":{}}],"line":36},"5":{"loc":{"start":{"line":42,"column":2},"end":{"line":44,"column":null}},"type":"if","locations":[{"start":{"line":42,"column":2},"end":{"line":44,"column":null}},{"start":{},"end":{}}],"line":42},"6":{"loc":{"start":{"line":46,"column":2},"end":{"line":48,"column":null}},"type":"if","locations":[{"start":{"line":46,"column":2},"end":{"line":48,"column":null}},{"start":{},"end":{}}],"line":46},"7":{"loc":{"start":{"line":50,"column":2},"end":{"line":52,"column":null}},"type":"if","locations":[{"start":{"line":50,"column":2},"end":{"line":52,"column":null}},{"start":{},"end":{}}],"line":50},"8":{"loc":{"start":{"line":58,"column":2},"end":{"line":66,"column":null}},"type":"if","locations":[{"start":{"line":58,"column":2},"end":{"line":66,"column":null}},{"start":{},"end":{}}],"line":58},"9":{"loc":{"start":{"line":59,"column":4},"end":{"line":61,"column":null}},"type":"if","locations":[{"start":{"line":59,"column":4},"end":{"line":61,"column":null}},{"start":{},"end":{}}],"line":59},"10":{"loc":{"start":{"line":62,"column":4},"end":{"line":64,"column":null}},"type":"if","locations":[{"start":{"line":62,"column":4},"end":{"line":64,"column":null}},{"start":{},"end":{}}],"line":62},"11":{"loc":{"start":{"line":68,"column":21},"end":{"line":68,"column":null}},"type":"cond-expr","locations":[{"start":{"line":68,"column":37},"end":{"line":68,"column":44}},{"start":{"line":68,"column":44},"end":{"line":68,"column":null}}],"line":68},"12":{"loc":{"start":{"line":70,"column":2},"end":{"line":72,"column":null}},"type":"if","locations":[{"start":{"line":70,"column":2},"end":{"line":72,"column":null}},{"start":{},"end":{}}],"line":70},"13":{"loc":{"start":{"line":74,"column":2},"end":{"line":76,"column":null}},"type":"if","locations":[{"start":{"line":74,"column":2},"end":{"line":76,"column":null}},{"start":{},"end":{}}],"line":74},"14":{"loc":{"start":{"line":82,"column":2},"end":{"line":84,"column":null}},"type":"if","locations":[{"start":{"line":82,"column":2},"end":{"line":84,"column":null}},{"start":{},"end":{}}],"line":82},"15":{"loc":{"start":{"line":106,"column":2},"end":{"line":108,"column":null}},"type":"if","locations":[{"start":{"line":106,"column":2},"end":{"line":108,"column":null}},{"start":{},"end":{}}],"line":106},"16":{"loc":{"start":{"line":168,"column":2},"end":{"line":170,"column":null}},"type":"if","locations":[{"start":{"line":168,"column":2},"end":{"line":170,"column":null}},{"start":{},"end":{}}],"line":168},"17":{"loc":{"start":{"line":168,"column":6},"end":{"line":168,"column":32}},"type":"binary-expr","locations":[{"start":{"line":168,"column":6},"end":{"line":168,"column":20}},{"start":{"line":168,"column":20},"end":{"line":168,"column":32}}],"line":168},"18":{"loc":{"start":{"line":186,"column":2},"end":{"line":186,"column":null}},"type":"default-arg","locations":[{"start":{"line":186,"column":22},"end":{"line":186,"column":null}}],"line":186},"19":{"loc":{"start":{"line":196,"column":2},"end":{"line":196,"column":null}},"type":"if","locations":[{"start":{"line":196,"column":2},"end":{"line":196,"column":null}},{"start":{},"end":{}}],"line":196},"20":{"loc":{"start":{"line":196,"column":6},"end":{"line":196,"column":32}},"type":"binary-expr","locations":[{"start":{"line":196,"column":6},"end":{"line":196,"column":20}},{"start":{"line":196,"column":20},"end":{"line":196,"column":32}}],"line":196},"21":{"loc":{"start":{"line":220,"column":2},"end":{"line":225,"column":null}},"type":"if","locations":[{"start":{"line":220,"column":2},"end":{"line":225,"column":null}},{"start":{},"end":{}}],"line":220},"22":{"loc":{"start":{"line":257,"column":2},"end":{"line":262,"column":null}},"type":"if","locations":[{"start":{"line":257,"column":2},"end":{"line":262,"column":null}},{"start":{},"end":{}}],"line":257},"23":{"loc":{"start":{"line":261,"column":11},"end":{"line":261,"column":null}},"type":"cond-expr","locations":[{"start":{"line":261,"column":55},"end":{"line":261,"column":76}},{"start":{"line":261,"column":76},"end":{"line":261,"column":null}}],"line":261},"24":{"loc":{"start":{"line":282,"column":2},"end":{"line":284,"column":null}},"type":"if","locations":[{"start":{"line":282,"column":2},"end":{"line":284,"column":null}},{"start":{},"end":{}}],"line":282},"25":{"loc":{"start":{"line":287,"column":2},"end":{"line":289,"column":null}},"type":"if","locations":[{"start":{"line":287,"column":2},"end":{"line":289,"column":null}},{"start":{},"end":{}}],"line":287},"26":{"loc":{"start":{"line":321,"column":2},"end":{"line":321,"column":null}},"type":"default-arg","locations":[{"start":{"line":321,"column":22},"end":{"line":321,"column":null}}],"line":321},"27":{"loc":{"start":{"line":327,"column":2},"end":{"line":332,"column":null}},"type":"if","locations":[{"start":{"line":327,"column":2},"end":{"line":332,"column":null}},{"start":{},"end":{}}],"line":327},"28":{"loc":{"start":{"line":338,"column":2},"end":{"line":340,"column":null}},"type":"if","locations":[{"start":{"line":338,"column":2},"end":{"line":340,"column":null}},{"start":{},"end":{}}],"line":338},"29":{"loc":{"start":{"line":338,"column":6},"end":{"line":338,"column":43}},"type":"binary-expr","locations":[{"start":{"line":338,"column":6},"end":{"line":338,"column":24}},{"start":{"line":338,"column":24},"end":{"line":338,"column":43}}],"line":338},"30":{"loc":{"start":{"line":363,"column":2},"end":{"line":366,"column":null}},"type":"if","locations":[{"start":{"line":363,"column":2},"end":{"line":366,"column":null}},{"start":{},"end":{}}],"line":363},"31":{"loc":{"start":{"line":397,"column":2},"end":{"line":403,"column":null}},"type":"if","locations":[{"start":{"line":397,"column":2},"end":{"line":403,"column":null}},{"start":{},"end":{}}],"line":397},"32":{"loc":{"start":{"line":417,"column":2},"end":{"line":423,"column":null}},"type":"if","locations":[{"start":{"line":417,"column":2},"end":{"line":423,"column":null}},{"start":{},"end":{}}],"line":417},"33":{"loc":{"start":{"line":440,"column":4},"end":{"line":448,"column":null}},"type":"if","locations":[{"start":{"line":440,"column":4},"end":{"line":448,"column":null}},{"start":{},"end":{}}],"line":440},"34":{"loc":{"start":{"line":441,"column":6},"end":{"line":447,"column":null}},"type":"if","locations":[{"start":{"line":441,"column":6},"end":{"line":447,"column":null}},{"start":{},"end":{}}],"line":441},"35":{"loc":{"start":{"line":441,"column":10},"end":{"line":441,"column":59}},"type":"binary-expr","locations":[{"start":{"line":441,"column":10},"end":{"line":441,"column":28}},{"start":{"line":441,"column":28},"end":{"line":441,"column":59}}],"line":441},"36":{"loc":{"start":{"line":462,"column":4},"end":{"line":462,"column":null}},"type":"if","locations":[{"start":{"line":462,"column":4},"end":{"line":462,"column":null}},{"start":{},"end":{}}],"line":462},"37":{"loc":{"start":{"line":462,"column":8},"end":{"line":462,"column":68}},"type":"binary-expr","locations":[{"start":{"line":462,"column":8},"end":{"line":462,"column":43}},{"start":{"line":462,"column":43},"end":{"line":462,"column":68}}],"line":462},"38":{"loc":{"start":{"line":465,"column":6},"end":{"line":465,"column":null}},"type":"if","locations":[{"start":{"line":465,"column":6},"end":{"line":465,"column":null}},{"start":{},"end":{}}],"line":465},"39":{"loc":{"start":{"line":475,"column":8},"end":{"line":483,"column":null}},"type":"if","locations":[{"start":{"line":475,"column":8},"end":{"line":483,"column":null}},{"start":{},"end":{}}],"line":475},"40":{"loc":{"start":{"line":476,"column":10},"end":{"line":482,"column":null}},"type":"if","locations":[{"start":{"line":476,"column":10},"end":{"line":482,"column":null}},{"start":{},"end":{}}],"line":476},"41":{"loc":{"start":{"line":476,"column":14},"end":{"line":476,"column":63}},"type":"binary-expr","locations":[{"start":{"line":476,"column":14},"end":{"line":476,"column":32}},{"start":{"line":476,"column":32},"end":{"line":476,"column":63}}],"line":476},"42":{"loc":{"start":{"line":508,"column":4},"end":{"line":516,"column":null}},"type":"if","locations":[{"start":{"line":508,"column":4},"end":{"line":516,"column":null}},{"start":{},"end":{}}],"line":508},"43":{"loc":{"start":{"line":509,"column":6},"end":{"line":515,"column":null}},"type":"if","locations":[{"start":{"line":509,"column":6},"end":{"line":515,"column":null}},{"start":{},"end":{}}],"line":509},"44":{"loc":{"start":{"line":509,"column":10},"end":{"line":509,"column":59}},"type":"binary-expr","locations":[{"start":{"line":509,"column":10},"end":{"line":509,"column":28}},{"start":{"line":509,"column":28},"end":{"line":509,"column":59}}],"line":509},"45":{"loc":{"start":{"line":536,"column":2},"end":{"line":538,"column":null}},"type":"if","locations":[{"start":{"line":536,"column":2},"end":{"line":538,"column":null}},{"start":{},"end":{}}],"line":536},"46":{"loc":{"start":{"line":540,"column":2},"end":{"line":545,"column":null}},"type":"if","locations":[{"start":{"line":540,"column":2},"end":{"line":545,"column":null}},{"start":{},"end":{}}],"line":540},"47":{"loc":{"start":{"line":540,"column":6},"end":{"line":540,"column":51}},"type":"binary-expr","locations":[{"start":{"line":540,"column":6},"end":{"line":540,"column":24}},{"start":{"line":540,"column":24},"end":{"line":540,"column":51}}],"line":540},"48":{"loc":{"start":{"line":542,"column":4},"end":{"line":544,"column":null}},"type":"if","locations":[{"start":{"line":542,"column":4},"end":{"line":544,"column":null}},{"start":{},"end":{}}],"line":542},"49":{"loc":{"start":{"line":548,"column":2},"end":{"line":550,"column":null}},"type":"if","locations":[{"start":{"line":548,"column":2},"end":{"line":550,"column":null}},{"start":{},"end":{}}],"line":548},"50":{"loc":{"start":{"line":553,"column":2},"end":{"line":555,"column":null}},"type":"if","locations":[{"start":{"line":553,"column":2},"end":{"line":555,"column":null}},{"start":{},"end":{}}],"line":553}},"s":{"0":27,"1":27,"2":27,"3":16,"4":16,"5":16,"6":16,"7":16,"8":16,"9":2,"10":14,"11":14,"12":65,"13":39,"14":51,"15":5,"16":1,"17":4,"18":2,"19":2,"20":46,"21":7,"22":39,"23":9,"24":30,"25":8,"26":22,"27":29,"28":5,"29":1,"30":4,"31":2,"32":2,"33":24,"34":29,"35":7,"36":17,"37":8,"38":9,"39":40,"40":9,"41":31,"42":31,"43":24,"44":8,"45":8,"46":8,"47":8,"48":8,"49":8,"50":3,"51":5,"52":18,"53":18,"54":18,"55":11,"56":11,"57":11,"58":11,"59":4,"60":4,"61":4,"62":5,"63":5,"64":5,"65":5,"66":5,"67":5,"68":5,"69":0,"70":5,"71":5,"72":5,"73":5,"74":5,"75":5,"76":10,"77":10,"78":10,"79":10,"80":10,"81":10,"82":10,"83":3,"84":7,"85":7,"86":4,"87":4,"88":4,"89":4,"90":4,"91":4,"92":4,"93":4,"94":4,"95":4,"96":1,"97":1,"98":1,"99":3,"100":3,"101":17,"102":17,"103":17,"104":17,"105":17,"106":1,"107":1,"108":16,"109":16,"110":16,"111":16,"112":16,"113":16,"114":16,"115":16,"116":16,"117":16,"118":3,"119":13,"120":2,"121":11,"122":11,"123":11,"124":11,"125":11,"126":11,"127":11,"128":11,"129":11,"130":2,"131":2,"132":2,"133":9,"134":9,"135":2,"136":7,"137":7,"138":7,"139":7,"140":7,"141":7,"142":7,"143":7,"144":1,"145":6,"146":6,"147":6,"148":6,"149":6,"150":6,"151":6,"152":6,"153":6,"154":4,"155":2,"156":6,"157":6,"158":6,"159":6,"160":6,"161":3,"162":3,"163":6,"164":6,"165":10,"166":10,"167":10,"168":10,"169":5,"170":4,"171":6,"172":17,"173":17,"174":19,"175":3,"176":16,"177":17,"178":0,"179":17,"180":17,"181":17,"182":34,"183":34,"184":34,"185":34,"186":12,"187":12,"188":17,"189":14,"190":14,"191":6,"192":6,"193":6,"194":6,"195":3,"196":3,"197":14,"198":10,"199":10,"200":10,"201":1,"202":9,"203":2,"204":2,"205":2,"206":7,"207":7,"208":4,"209":3,"210":3,"211":1,"212":2,"213":2},"f":{"0":27,"1":16,"2":65,"3":39,"4":51,"5":29,"6":40,"7":24,"8":8,"9":18,"10":11,"11":4,"12":5,"13":10,"14":4,"15":17,"16":11,"17":7,"18":6,"19":6,"20":6,"21":17,"22":14,"23":10},"b":{"0":[2,14],"1":[16,14],"2":[5,46],"3":[1,4],"4":[2,2],"5":[7,39],"6":[9,30],"7":[8,22],"8":[5,24],"9":[1,4],"10":[2,2],"11":[5,19],"12":[7,22],"13":[8,9],"14":[9,31],"15":[3,5],"16":[0,5],"17":[5,5],"18":[10],"19":[3,7],"20":[10,7],"21":[1,3],"22":[1,16],"23":[0,1],"24":[3,13],"25":[2,11],"26":[11],"27":[2,9],"28":[2,7],"29":[9,8],"30":[1,6],"31":[4,2],"32":[3,3],"33":[5,5],"34":[4,1],"35":[5,1],"36":[3,16],"37":[19,16],"38":[0,17],"39":[12,22],"40":[12,0],"41":[12,0],"42":[3,3],"43":[3,0],"44":[3,0],"45":[1,9],"46":[2,7],"47":[9,2],"48":[2,0],"49":[4,3],"50":[1,2]},"meta":{"lastBranch":51,"lastFunction":24,"lastStatement":214,"seen":{"f:3:16:3:25":0,"s:4:13:4:Infinity":0,"s:5:13:5:Infinity":1,"s:6:2:6:Infinity":2,"f:9:16:9:29":1,"s:10:13:10:Infinity":3,"s:11:13:11:Infinity":4,"s:13:14:13:Infinity":5,"s:14:15:14:Infinity":6,"s:15:15:15:Infinity":7,"b:17:2:17:Infinity:undefined:undefined:undefined:undefined":0,"s:17:2:17:Infinity":8,"b:17:6:17:20:17:20:17:32":1,"s:17:32:17:Infinity":9,"s:19:19:19:Infinity":10,"s:20:2:20:Infinity":11,"f:23:16:23:29":2,"s:24:2:24:Infinity":12,"f:27:16:27:29":3,"s:28:2:28:Infinity":13,"f:31:16:31:29":4,"b:32:2:40:Infinity:undefined:undefined:undefined:undefined":2,"s:32:2:40:Infinity":14,"b:33:4:35:Infinity:undefined:undefined:undefined:undefined":3,"s:33:4:35:Infinity":15,"s:34:6:34:Infinity":16,"b:36:4:38:Infinity:undefined:undefined:undefined:undefined":4,"s:36:4:38:Infinity":17,"s:37:6:37:Infinity":18,"s:39:4:39:Infinity":19,"b:42:2:44:Infinity:undefined:undefined:undefined:undefined":5,"s:42:2:44:Infinity":20,"s:43:4:43:Infinity":21,"b:46:2:48:Infinity:undefined:undefined:undefined:undefined":6,"s:46:2:48:Infinity":22,"s:47:4:47:Infinity":23,"b:50:2:52:Infinity:undefined:undefined:undefined:undefined":7,"s:50:2:52:Infinity":24,"s:51:4:51:Infinity":25,"s:54:2:54:Infinity":26,"f:57:16:57:27":5,"b:58:2:66:Infinity:undefined:undefined:undefined:undefined":8,"s:58:2:66:Infinity":27,"b:59:4:61:Infinity:undefined:undefined:undefined:undefined":9,"s:59:4:61:Infinity":28,"s:60:6:60:Infinity":29,"b:62:4:64:Infinity:undefined:undefined:undefined:undefined":10,"s:62:4:64:Infinity":30,"s:63:6:63:Infinity":31,"s:65:4:65:Infinity":32,"s:68:21:68:Infinity":33,"b:68:37:68:44:68:44:68:Infinity":11,"b:70:2:72:Infinity:undefined:undefined:undefined:undefined":12,"s:70:2:72:Infinity":34,"s:71:4:71:Infinity":35,"b:74:2:76:Infinity:undefined:undefined:undefined:undefined":13,"s:74:2:76:Infinity":36,"s:75:4:75:Infinity":37,"s:78:2:78:Infinity":38,"f:81:16:81:28":6,"b:82:2:84:Infinity:undefined:undefined:undefined:undefined":14,"s:82:2:84:Infinity":39,"s:83:4:83:Infinity":40,"s:86:19:86:Infinity":41,"s:87:2:87:Infinity":42,"f:90:16:90:30":7,"s:91:2:91:Infinity":43,"f:94:16:94:Infinity":8,"s:99:19:99:Infinity":44,"s:100:19:100:Infinity":45,"s:102:13:102:Infinity":46,"s:103:13:103:Infinity":47,"s:104:15:104:Infinity":48,"b:106:2:108:Infinity:undefined:undefined:undefined:undefined":15,"s:106:2:108:Infinity":49,"s:107:4:107:Infinity":50,"s:110:2:110:Infinity":51,"f:118:16:118:Infinity":9,"s:124:13:124:Infinity":52,"s:125:16:125:Infinity":53,"s:126:2:126:Infinity":54,"f:129:16:129:Infinity":10,"s:136:16:136:Infinity":55,"s:137:21:137:Infinity":56,"s:138:20:138:Infinity":57,"s:139:2:139:Infinity":58,"f:142:16:142:Infinity":11,"s:148:13:148:Infinity":59,"s:149:16:149:Infinity":60,"s:150:2:150:Infinity":61,"f:153:16:153:Infinity":12,"s:160:14:160:Infinity":62,"s:161:14:161:Infinity":63,"s:162:14:162:Infinity":64,"s:163:14:163:Infinity":65,"s:165:15:165:Infinity":66,"s:166:15:166:Infinity":67,"b:168:2:170:Infinity:undefined:undefined:undefined:undefined":16,"s:168:2:170:Infinity":68,"b:168:6:168:20:168:20:168:32":17,"s:169:4:169:Infinity":69,"s:172:14:172:Infinity":70,"s:173:19:173:Infinity":71,"s:174:16:174:Infinity":72,"s:176:21:176:Infinity":73,"s:177:20:177:Infinity":74,"s:178:2:178:Infinity":75,"f:181:16:181:Infinity":13,"b:186:22:186:Infinity":18,"s:188:14:188:Infinity":76,"s:189:14:189:Infinity":77,"s:190:14:190:Infinity":78,"s:191:14:191:Infinity":79,"s:193:15:193:Infinity":80,"s:194:15:194:Infinity":81,"b:196:2:196:Infinity:undefined:undefined:undefined:undefined":19,"s:196:2:196:Infinity":82,"b:196:6:196:20:196:20:196:32":20,"s:196:32:196:Infinity":83,"s:198:16:198:Infinity":84,"s:199:2:199:Infinity":85,"f:206:16:206:Infinity":14,"s:212:13:212:27":86,"s:212:32:212:Infinity":87,"s:213:13:213:25":88,"s:213:30:213:Infinity":89,"s:214:13:214:27":90,"s:214:32:214:Infinity":91,"s:215:13:215:25":92,"s:215:30:215:Infinity":93,"s:217:8:217:Infinity":94,"b:220:2:225:Infinity:undefined:undefined:undefined:undefined":21,"s:220:2:225:Infinity":95,"s:222:17:222:Infinity":96,"s:223:17:223:Infinity":97,"s:224:4:224:Infinity":98,"s:227:8:227:Infinity":99,"s:229:2:232:Infinity":100,"f:243:16:243:Infinity":15,"s:249:18:249:Infinity":101,"s:252:13:252:Infinity":102,"s:253:13:253:Infinity":103,"s:254:20:254:Infinity":104,"b:257:2:262:Infinity:undefined:undefined:undefined:undefined":22,"s:257:2:262:Infinity":105,"s:258:25:260:Infinity":106,"s:261:4:261:Infinity":107,"b:261:55:261:76:261:76:261:Infinity":23,"s:265:13:265:Infinity":108,"s:266:13:266:Infinity":109,"s:269:8:269:Infinity":110,"s:272:19:272:Infinity":111,"s:273:19:273:Infinity":112,"s:276:16:276:Infinity":113,"s:277:16:277:Infinity":114,"s:278:17:278:Infinity":115,"s:279:15:279:Infinity":116,"b:282:2:284:Infinity:undefined:undefined:undefined:undefined":24,"s:282:2:284:Infinity":117,"s:283:4:283:Infinity":118,"b:287:2:289:Infinity:undefined:undefined:undefined:undefined":25,"s:287:2:289:Infinity":119,"s:288:4:288:Infinity":120,"s:293:20:293:Infinity":121,"s:296:17:296:Infinity":122,"s:297:17:297:Infinity":123,"s:298:17:298:Infinity":124,"s:300:2:309:Infinity":125,"f:317:16:317:Infinity":16,"b:321:22:321:Infinity":26,"s:323:13:323:Infinity":126,"s:324:13:324:Infinity":127,"s:325:19:325:Infinity":128,"b:327:2:332:Infinity:undefined:undefined:undefined:undefined":27,"s:327:2:332:Infinity":129,"s:329:16:329:Infinity":130,"s:330:16:330:Infinity":131,"s:331:4:331:Infinity":132,"s:335:8:335:Infinity":133,"b:338:2:340:Infinity:undefined:undefined:undefined:undefined":28,"s:338:2:340:Infinity":134,"b:338:6:338:24:338:24:338:43":29,"s:339:4:339:Infinity":135,"s:343:19:343:Infinity":136,"s:344:19:344:Infinity":137,"s:345:8:345:Infinity":138,"s:347:2:347:Infinity":139,"f:354:16:354:Infinity":17,"s:359:13:359:Infinity":140,"s:360:13:360:Infinity":141,"s:361:19:361:Infinity":142,"b:363:2:366:Infinity:undefined:undefined:undefined:undefined":30,"s:363:2:366:Infinity":143,"s:365:4:365:Infinity":144,"s:369:6:369:Infinity":145,"s:370:2:370:Infinity":146,"s:372:2:375:Infinity":147,"f:386:16:386:Infinity":18,"s:390:19:390:Infinity":148,"s:391:19:391:Infinity":149,"s:393:13:393:Infinity":150,"s:394:13:394:Infinity":151,"s:395:15:395:Infinity":152,"b:397:2:403:Infinity:undefined:undefined:undefined:undefined":31,"s:397:2:403:Infinity":153,"s:398:4:402:Infinity":154,"s:405:2:405:Infinity":155,"f:408:16:408:Infinity":19,"s:412:17:412:Infinity":156,"s:413:13:413:Infinity":157,"s:414:13:414:Infinity":158,"s:415:15:415:Infinity":159,"b:417:2:423:Infinity:undefined:undefined:undefined:undefined":32,"s:417:2:423:Infinity":160,"s:418:4:422:Infinity":161,"s:425:2:425:Infinity":162,"f:428:16:428:Infinity":20,"s:433:41:433:Infinity":163,"s:435:2:449:Infinity":164,"s:436:15:436:Infinity":165,"s:437:15:437:Infinity":166,"s:438:17:438:Infinity":167,"b:440:4:448:Infinity:undefined:undefined:undefined:undefined":33,"s:440:4:448:Infinity":168,"b:441:6:447:Infinity:undefined:undefined:undefined:undefined":34,"s:441:6:447:Infinity":169,"b:441:10:441:28:441:28:441:59":35,"s:442:8:446:Infinity":170,"s:451:2:451:Infinity":171,"f:454:16:454:Infinity":21,"s:459:41:459:Infinity":172,"s:461:2:486:Infinity":173,"b:462:4:462:Infinity:undefined:undefined:undefined:undefined":36,"s:462:4:462:Infinity":174,"b:462:8:462:43:462:43:462:68":37,"s:462:68:462:Infinity":175,"s:464:4:485:Infinity":176,"b:465:6:465:Infinity:undefined:undefined:undefined:undefined":38,"s:465:6:465:Infinity":177,"s:465:37:465:Infinity":178,"s:467:25:467:Infinity":179,"s:468:23:468:Infinity":180,"s:470:6:484:Infinity":181,"s:471:19:471:Infinity":182,"s:472:19:472:Infinity":183,"s:473:21:473:Infinity":184,"b:475:8:483:Infinity:undefined:undefined:undefined:undefined":39,"s:475:8:483:Infinity":185,"b:476:10:482:Infinity:undefined:undefined:undefined:undefined":40,"s:476:10:482:Infinity":186,"b:476:14:476:32:476:32:476:63":41,"s:477:12:481:Infinity":187,"s:488:2:488:Infinity":188,"f:496:16:496:Infinity":22,"s:501:41:501:Infinity":189,"s:503:2:517:Infinity":190,"s:504:15:504:Infinity":191,"s:505:15:505:Infinity":192,"s:506:17:506:Infinity":193,"b:508:4:516:Infinity:undefined:undefined:undefined:undefined":42,"s:508:4:516:Infinity":194,"b:509:6:515:Infinity:undefined:undefined:undefined:undefined":43,"s:509:6:515:Infinity":195,"b:509:10:509:28:509:28:509:59":44,"s:510:8:514:Infinity":196,"s:519:2:519:Infinity":197,"f:529:16:529:Infinity":23,"s:533:64:533:Infinity":198,"s:535:29:535:Infinity":199,"b:536:2:538:Infinity:undefined:undefined:undefined:undefined":45,"s:536:2:538:Infinity":200,"s:537:4:537:Infinity":201,"b:540:2:545:Infinity:undefined:undefined:undefined:undefined":46,"s:540:2:545:Infinity":202,"b:540:6:540:24:540:24:540:51":47,"s:541:27:541:Infinity":203,"b:542:4:544:Infinity:undefined:undefined:undefined:undefined":48,"s:542:4:544:Infinity":204,"s:543:6:543:Infinity":205,"s:547:28:547:Infinity":206,"b:548:2:550:Infinity:undefined:undefined:undefined:undefined":49,"s:548:2:550:Infinity":207,"s:549:4:549:Infinity":208,"s:552:23:552:Infinity":209,"b:553:2:555:Infinity:undefined:undefined:undefined:undefined":50,"s:553:2:555:Infinity":210,"s:554:4:554:Infinity":211,"s:557:24:557:Infinity":212,"s:558:2:558:Infinity":213}}}
,"E:\\code\\web-stroker\\src\\utils.ts": {"path":"E:\\code\\web-stroker\\src\\utils.ts","statementMap":{"0":{"start":{"line":3,"column":28},"end":{"line":3,"column":null}},"1":{"start":{"line":6,"column":13},"end":{"line":6,"column":null}},"2":{"start":{"line":7,"column":13},"end":{"line":7,"column":null}},"3":{"start":{"line":9,"column":8},"end":{"line":9,"column":null}},"4":{"start":{"line":10,"column":8},"end":{"line":10,"column":null}},"5":{"start":{"line":12,"column":4},"end":{"line":15,"column":null}},"6":{"start":{"line":17,"column":8},"end":{"line":17,"column":null}},"7":{"start":{"line":18,"column":8},"end":{"line":18,"column":null}},"8":{"start":{"line":20,"column":4},"end":{"line":23,"column":null}},"9":{"start":{"line":25,"column":2},"end":{"line":25,"column":null}},"10":{"start":{"line":29,"column":2},"end":{"line":29,"column":null}},"11":{"start":{"line":29,"column":25},"end":{"line":29,"column":null}},"12":{"start":{"line":30,"column":2},"end":{"line":30,"column":null}},"13":{"start":{"line":30,"column":27},"end":{"line":30,"column":null}},"14":{"start":{"line":31,"column":2},"end":{"line":31,"column":null}},"15":{"start":{"line":31,"column":27},"end":{"line":31,"column":null}},"16":{"start":{"line":33,"column":28},"end":{"line":33,"column":null}},"17":{"start":{"line":34,"column":21},"end":{"line":34,"column":null}},"18":{"start":{"line":36,"column":2},"end":{"line":36,"column":null}},"19":{"start":{"line":38,"column":2},"end":{"line":58,"column":null}},"20":{"start":{"line":38,"column":15},"end":{"line":38,"column":18}},"21":{"start":{"line":39,"column":15},"end":{"line":39,"column":null}},"22":{"start":{"line":40,"column":15},"end":{"line":40,"column":null}},"23":{"start":{"line":41,"column":16},"end":{"line":41,"column":null}},"24":{"start":{"line":43,"column":4},"end":{"line":47,"column":null}},"25":{"start":{"line":43,"column":17},"end":{"line":43,"column":46}},"26":{"start":{"line":44,"column":6},"end":{"line":44,"column":null}},"27":{"start":{"line":45,"column":6},"end":{"line":45,"column":null}},"28":{"start":{"line":46,"column":6},"end":{"line":46,"column":null}},"29":{"start":{"line":49,"column":19},"end":{"line":49,"column":null}},"30":{"start":{"line":50,"column":4},"end":{"line":50,"column":null}},"31":{"start":{"line":51,"column":4},"end":{"line":51,"column":null}},"32":{"start":{"line":52,"column":4},"end":{"line":52,"column":null}},"33":{"start":{"line":54,"column":4},"end":{"line":57,"column":null}},"34":{"start":{"line":60,"column":2},"end":{"line":60,"column":null}},"35":{"start":{"line":62,"column":33},"end":{"line":62,"column":null}},"36":{"start":{"line":64,"column":2},"end":{"line":75,"column":null}},"37":{"start":{"line":64,"column":15},"end":{"line":64,"column":18}},"38":{"start":{"line":65,"column":15},"end":{"line":65,"column":null}},"39":{"start":{"line":66,"column":15},"end":{"line":66,"column":null}},"40":{"start":{"line":68,"column":4},"end":{"line":74,"column":null}},"41":{"start":{"line":68,"column":17},"end":{"line":68,"column":20}},"42":{"start":{"line":69,"column":16},"end":{"line":69,"column":null}},"43":{"start":{"line":70,"column":6},"end":{"line":73,"column":null}},"44":{"start":{"line":77,"column":2},"end":{"line":77,"column":null}},"45":{"start":{"line":79,"column":2},"end":{"line":79,"column":null}},"46":{"start":{"line":84,"column":13},"end":{"line":84,"column":null}},"47":{"start":{"line":85,"column":13},"end":{"line":85,"column":null}},"48":{"start":{"line":86,"column":2},"end":{"line":86,"column":null}},"49":{"start":{"line":91,"column":2},"end":{"line":91,"column":null}},"50":{"start":{"line":96,"column":2},"end":{"line":96,"column":null}}},"fnMap":{"0":{"name":"catmullRom","decl":{"start":{"line":5,"column":16},"end":{"line":5,"column":27}},"loc":{"start":{"line":5,"column":89},"end":{"line":26,"column":null}},"line":5},"1":{"name":"smoothStroke","decl":{"start":{"line":28,"column":16},"end":{"line":28,"column":29}},"loc":{"start":{"line":28,"column":55},"end":{"line":80,"column":null}},"line":28},"2":{"name":"distance","decl":{"start":{"line":83,"column":16},"end":{"line":83,"column":25}},"loc":{"start":{"line":83,"column":55},"end":{"line":87,"column":null}},"line":83},"3":{"name":"generateId","decl":{"start":{"line":90,"column":16},"end":{"line":90,"column":37}},"loc":{"start":{"line":90,"column":37},"end":{"line":92,"column":null}},"line":90},"4":{"name":"clamp","decl":{"start":{"line":95,"column":16},"end":{"line":95,"column":22}},"loc":{"start":{"line":95,"column":71},"end":{"line":97,"column":null}},"line":95}},"branchMap":{"0":{"loc":{"start":{"line":29,"column":2},"end":{"line":29,"column":null}},"type":"if","locations":[{"start":{"line":29,"column":2},"end":{"line":29,"column":null}},{"start":{},"end":{}}],"line":29},"1":{"loc":{"start":{"line":30,"column":2},"end":{"line":30,"column":null}},"type":"if","locations":[{"start":{"line":30,"column":2},"end":{"line":30,"column":null}},{"start":{},"end":{}}],"line":30},"2":{"loc":{"start":{"line":31,"column":2},"end":{"line":31,"column":null}},"type":"if","locations":[{"start":{"line":31,"column":2},"end":{"line":31,"column":null}},{"start":{},"end":{}}],"line":31}},"s":{"0":3,"1":0,"2":0,"3":0,"4":0,"5":0,"6":0,"7":0,"8":0,"9":0,"10":0,"11":0,"12":0,"13":0,"14":0,"15":0,"16":0,"17":0,"18":0,"19":0,"20":0,"21":0,"22":0,"23":0,"24":0,"25":0,"26":0,"27":0,"28":0,"29":0,"30":0,"31":0,"32":0,"33":0,"34":0,"35":0,"36":0,"37":0,"38":0,"39":0,"40":0,"41":0,"42":0,"43":0,"44":0,"45":0,"46":3927,"47":3927,"48":3927,"49":0,"50":0},"f":{"0":0,"1":0,"2":3927,"3":0,"4":0},"b":{"0":[0,0],"1":[0,0],"2":[0,0]},"meta":{"lastBranch":3,"lastFunction":5,"lastStatement":51,"seen":{"s:3:28:3:Infinity":0,"f:5:16:5:27":0,"s:6:13:6:Infinity":1,"s:7:13:7:Infinity":2,"s:9:8:9:Infinity":3,"s:10:8:10:Infinity":4,"s:12:4:15:Infinity":5,"s:17:8:17:Infinity":6,"s:18:8:18:Infinity":7,"s:20:4:23:Infinity":8,"s:25:2:25:Infinity":9,"f:28:16:28:29":1,"b:29:2:29:Infinity:undefined:undefined:undefined:undefined":0,"s:29:2:29:Infinity":10,"s:29:25:29:Infinity":11,"b:30:2:30:Infinity:undefined:undefined:undefined:undefined":1,"s:30:2:30:Infinity":12,"s:30:27:30:Infinity":13,"b:31:2:31:Infinity:undefined:undefined:undefined:undefined":2,"s:31:2:31:Infinity":14,"s:31:27:31:Infinity":15,"s:33:28:33:Infinity":16,"s:34:21:34:Infinity":17,"s:36:2:36:Infinity":18,"s:38:2:58:Infinity":19,"s:38:15:38:18":20,"s:39:15:39:Infinity":21,"s:40:15:40:Infinity":22,"s:41:16:41:Infinity":23,"s:43:4:47:Infinity":24,"s:43:17:43:46":25,"s:44:6:44:Infinity":26,"s:45:6:45:Infinity":27,"s:46:6:46:Infinity":28,"s:49:19:49:Infinity":29,"s:50:4:50:Infinity":30,"s:51:4:51:Infinity":31,"s:52:4:52:Infinity":32,"s:54:4:57:Infinity":33,"s:60:2:60:Infinity":34,"s:62:33:62:Infinity":35,"s:64:2:75:Infinity":36,"s:64:15:64:18":37,"s:65:15:65:Infinity":38,"s:66:15:66:Infinity":39,"s:68:4:74:Infinity":40,"s:68:17:68:20":41,"s:69:16:69:Infinity":42,"s:70:6:73:Infinity":43,"s:77:2:77:Infinity":44,"s:79:2:79:Infinity":45,"f:83:16:83:25":2,"s:84:13:84:Infinity":46,"s:85:13:85:Infinity":47,"s:86:2:86:Infinity":48,"f:90:16:90:37":3,"s:91:2:91:Infinity":49,"f:95:16:95:22":4,"s:96:2:96:Infinity":50}}}
,"E:\\code\\web-stroker\\src\\intersection\\IntersectionManager.ts": {"path":"E:\\code\\web-stroker\\src\\intersection\\IntersectionManager.ts","statementMap":{"0":{"start":{"line":7,"column":53},"end":{"line":7,"column":null}},"1":{"start":{"line":8,"column":39},"end":{"line":8,"column":null}},"2":{"start":{"line":9,"column":39},"end":{"line":9,"column":null}},"3":{"start":{"line":10,"column":44},"end":{"line":10,"column":null}},"4":{"start":{"line":11,"column":44},"end":{"line":11,"column":null}},"5":{"start":{"line":173,"column":71},"end":{"line":173,"column":null}},"6":{"start":{"line":14,"column":4},"end":{"line":14,"column":null}},"7":{"start":{"line":18,"column":4},"end":{"line":18,"column":null}},"8":{"start":{"line":22,"column":37},"end":{"line":22,"column":null}},"9":{"start":{"line":23,"column":4},"end":{"line":23,"column":null}},"10":{"start":{"line":28,"column":4},"end":{"line":28,"column":null}},"11":{"start":{"line":30,"column":4},"end":{"line":32,"column":null}},"12":{"start":{"line":31,"column":6},"end":{"line":31,"column":null}},"13":{"start":{"line":34,"column":4},"end":{"line":38,"column":null}},"14":{"start":{"line":35,"column":6},"end":{"line":35,"column":null}},"15":{"start":{"line":36,"column":6},"end":{"line":36,"column":null}},"16":{"start":{"line":37,"column":6},"end":{"line":37,"column":null}},"17":{"start":{"line":42,"column":4},"end":{"line":42,"column":null}},"18":{"start":{"line":43,"column":4},"end":{"line":43,"column":null}},"19":{"start":{"line":45,"column":4},"end":{"line":68,"column":null}},"20":{"start":{"line":46,"column":6},"end":{"line":46,"column":null}},"21":{"start":{"line":46,"column":70},"end":{"line":46,"column":null}},"22":{"start":{"line":48,"column":6},"end":{"line":67,"column":null}},"23":{"start":{"line":48,"column":24},"end":{"line":48,"column":27}},"24":{"start":{"line":49,"column":24},"end":{"line":49,"column":null}},"25":{"start":{"line":50,"column":8},"end":{"line":50,"column":null}},"26":{"start":{"line":50,"column":39},"end":{"line":50,"column":null}},"27":{"start":{"line":52,"column":19},"end":{"line":52,"column":null}},"28":{"start":{"line":53,"column":19},"end":{"line":53,"column":null}},"29":{"start":{"line":54,"column":14},"end":{"line":54,"column":null}},"30":{"start":{"line":56,"column":19},"end":{"line":56,"column":null}},"31":{"start":{"line":57,"column":42},"end":{"line":63,"column":null}},"32":{"start":{"line":65,"column":8},"end":{"line":65,"column":null}},"33":{"start":{"line":66,"column":8},"end":{"line":66,"column":null}},"34":{"start":{"line":70,"column":4},"end":{"line":70,"column":null}},"35":{"start":{"line":74,"column":15},"end":{"line":74,"column":null}},"36":{"start":{"line":75,"column":21},"end":{"line":75,"column":null}},"37":{"start":{"line":76,"column":4},"end":{"line":76,"column":null}},"38":{"start":{"line":76,"column":43},"end":{"line":76,"column":null}},"39":{"start":{"line":78,"column":18},"end":{"line":78,"column":null}},"40":{"start":{"line":79,"column":18},"end":{"line":79,"column":null}},"41":{"start":{"line":80,"column":10},"end":{"line":80,"column":null}},"42":{"start":{"line":82,"column":4},"end":{"line":82,"column":null}},"43":{"start":{"line":83,"column":4},"end":{"line":83,"column":null}},"44":{"start":{"line":87,"column":4},"end":{"line":87,"column":null}},"45":{"start":{"line":94,"column":20},"end":{"line":94,"column":null}},"46":{"start":{"line":95,"column":4},"end":{"line":95,"column":null}},"47":{"start":{"line":95,"column":18},"end":{"line":95,"column":null}},"48":{"start":{"line":97,"column":39},"end":{"line":97,"column":null}},"49":{"start":{"line":99,"column":18},"end":{"line":99,"column":null}},"50":{"start":{"line":100,"column":18},"end":{"line":100,"column":null}},"51":{"start":{"line":101,"column":10},"end":{"line":101,"column":null}},"52":{"start":{"line":102,"column":4},"end":{"line":102,"column":null}},"53":{"start":{"line":103,"column":4},"end":{"line":103,"column":null}},"54":{"start":{"line":105,"column":4},"end":{"line":110,"column":null}},"55":{"start":{"line":106,"column":20},"end":{"line":106,"column":null}},"56":{"start":{"line":107,"column":6},"end":{"line":109,"column":null}},"57":{"start":{"line":108,"column":8},"end":{"line":108,"column":null}},"58":{"start":{"line":111,"column":4},"end":{"line":111,"column":null}},"59":{"start":{"line":113,"column":23},"end":{"line":113,"column":null}},"60":{"start":{"line":114,"column":47},"end":{"line":114,"column":null}},"61":{"start":{"line":116,"column":4},"end":{"line":135,"column":null}},"62":{"start":{"line":117,"column":6},"end":{"line":117,"column":null}},"63":{"start":{"line":117,"column":45},"end":{"line":117,"column":null}},"64":{"start":{"line":119,"column":27},"end":{"line":119,"column":null}},"65":{"start":{"line":120,"column":6},"end":{"line":120,"column":null}},"66":{"start":{"line":120,"column":25},"end":{"line":120,"column":null}},"67":{"start":{"line":122,"column":27},"end":{"line":122,"column":null}},"68":{"start":{"line":123,"column":6},"end":{"line":134,"column":null}},"69":{"start":{"line":124,"column":8},"end":{"line":124,"column":null}},"70":{"start":{"line":125,"column":8},"end":{"line":125,"column":null}},"71":{"start":{"line":127,"column":8},"end":{"line":133,"column":null}},"72":{"start":{"line":137,"column":4},"end":{"line":137,"column":null}},"73":{"start":{"line":138,"column":4},"end":{"line":138,"column":null}},"74":{"start":{"line":146,"column":22},"end":{"line":146,"column":null}},"75":{"start":{"line":147,"column":4},"end":{"line":147,"column":null}},"76":{"start":{"line":147,"column":20},"end":{"line":147,"column":null}},"77":{"start":{"line":149,"column":15},"end":{"line":149,"column":null}},"78":{"start":{"line":150,"column":15},"end":{"line":150,"column":null}},"79":{"start":{"line":152,"column":16},"end":{"line":152,"column":null}},"80":{"start":{"line":153,"column":16},"end":{"line":153,"column":null}},"81":{"start":{"line":154,"column":16},"end":{"line":154,"column":null}},"82":{"start":{"line":155,"column":16},"end":{"line":155,"column":null}},"83":{"start":{"line":157,"column":18},"end":{"line":157,"column":null}},"84":{"start":{"line":158,"column":4},"end":{"line":158,"column":null}},"85":{"start":{"line":158,"column":33},"end":{"line":158,"column":null}},"86":{"start":{"line":160,"column":10},"end":{"line":160,"column":null}},"87":{"start":{"line":161,"column":10},"end":{"line":161,"column":null}},"88":{"start":{"line":163,"column":4},"end":{"line":168,"column":null}},"89":{"start":{"line":164,"column":6},"end":{"line":167,"column":null}},"90":{"start":{"line":170,"column":4},"end":{"line":170,"column":null}},"91":{"start":{"line":173,"column":77},"end":{"line":173,"column":null}},"92":{"start":{"line":176,"column":4},"end":{"line":176,"column":null}},"93":{"start":{"line":180,"column":20},"end":{"line":180,"column":null}},"94":{"start":{"line":181,"column":4},"end":{"line":181,"column":null}},"95":{"start":{"line":181,"column":18},"end":{"line":181,"column":null}},"96":{"start":{"line":183,"column":47},"end":{"line":183,"column":null}},"97":{"start":{"line":185,"column":4},"end":{"line":203,"column":null}},"98":{"start":{"line":186,"column":20},"end":{"line":186,"column":null}},"99":{"start":{"line":187,"column":6},"end":{"line":187,"column":null}},"100":{"start":{"line":187,"column":18},"end":{"line":187,"column":null}},"101":{"start":{"line":189,"column":24},"end":{"line":189,"column":null}},"102":{"start":{"line":190,"column":26},"end":{"line":190,"column":null}},"103":{"start":{"line":191,"column":6},"end":{"line":191,"column":null}},"104":{"start":{"line":191,"column":38},"end":{"line":191,"column":null}},"105":{"start":{"line":193,"column":20},"end":{"line":193,"column":null}},"106":{"start":{"line":194,"column":6},"end":{"line":202,"column":null}},"107":{"start":{"line":195,"column":8},"end":{"line":201,"column":null}},"108":{"start":{"line":205,"column":4},"end":{"line":205,"column":null}},"109":{"start":{"line":214,"column":16},"end":{"line":214,"column":null}},"110":{"start":{"line":215,"column":16},"end":{"line":215,"column":null}},"111":{"start":{"line":216,"column":16},"end":{"line":216,"column":null}},"112":{"start":{"line":217,"column":16},"end":{"line":217,"column":null}},"113":{"start":{"line":219,"column":18},"end":{"line":219,"column":null}},"114":{"start":{"line":220,"column":4},"end":{"line":220,"column":null}},"115":{"start":{"line":220,"column":33},"end":{"line":220,"column":null}},"116":{"start":{"line":222,"column":10},"end":{"line":222,"column":null}},"117":{"start":{"line":224,"column":4},"end":{"line":229,"column":null}},"118":{"start":{"line":225,"column":6},"end":{"line":228,"column":null}},"119":{"start":{"line":231,"column":4},"end":{"line":231,"column":null}},"120":{"start":{"line":240,"column":16},"end":{"line":240,"column":null}},"121":{"start":{"line":241,"column":16},"end":{"line":241,"column":null}},"122":{"start":{"line":242,"column":16},"end":{"line":242,"column":null}},"123":{"start":{"line":243,"column":16},"end":{"line":243,"column":null}},"124":{"start":{"line":245,"column":18},"end":{"line":245,"column":null}},"125":{"start":{"line":246,"column":4},"end":{"line":246,"column":null}},"126":{"start":{"line":246,"column":33},"end":{"line":246,"column":null}},"127":{"start":{"line":248,"column":10},"end":{"line":248,"column":null}},"128":{"start":{"line":249,"column":10},"end":{"line":249,"column":null}},"129":{"start":{"line":251,"column":4},"end":{"line":256,"column":null}},"130":{"start":{"line":252,"column":6},"end":{"line":255,"column":null}},"131":{"start":{"line":258,"column":4},"end":{"line":258,"column":null}},"132":{"start":{"line":262,"column":17},"end":{"line":267,"column":null}},"133":{"start":{"line":269,"column":23},"end":{"line":269,"column":null}},"134":{"start":{"line":270,"column":47},"end":{"line":270,"column":null}},"135":{"start":{"line":271,"column":27},"end":{"line":271,"column":null}},"136":{"start":{"line":273,"column":4},"end":{"line":301,"column":null}},"137":{"start":{"line":273,"column":17},"end":{"line":273,"column":20}},"138":{"start":{"line":274,"column":19},"end":{"line":274,"column":null}},"139":{"start":{"line":275,"column":22},"end":{"line":275,"column":null}},"140":{"start":{"line":276,"column":6},"end":{"line":276,"column":null}},"141":{"start":{"line":276,"column":20},"end":{"line":276,"column":null}},"142":{"start":{"line":278,"column":6},"end":{"line":300,"column":null}},"143":{"start":{"line":278,"column":19},"end":{"line":278,"column":26}},"144":{"start":{"line":279,"column":21},"end":{"line":279,"column":null}},"145":{"start":{"line":280,"column":24},"end":{"line":280,"column":null}},"146":{"start":{"line":281,"column":8},"end":{"line":281,"column":null}},"147":{"start":{"line":281,"column":41},"end":{"line":281,"column":null}},"148":{"start":{"line":282,"column":8},"end":{"line":282,"column":null}},"149":{"start":{"line":284,"column":24},"end":{"line":284,"column":null}},"150":{"start":{"line":285,"column":8},"end":{"line":285,"column":null}},"151":{"start":{"line":285,"column":22},"end":{"line":285,"column":null}},"152":{"start":{"line":287,"column":29},"end":{"line":287,"column":null}},"153":{"start":{"line":288,"column":8},"end":{"line":288,"column":null}},"154":{"start":{"line":288,"column":27},"end":{"line":288,"column":null}},"155":{"start":{"line":290,"column":21},"end":{"line":290,"column":null}},"156":{"start":{"line":291,"column":8},"end":{"line":291,"column":null}},"157":{"start":{"line":291,"column":30},"end":{"line":291,"column":null}},"158":{"start":{"line":293,"column":8},"end":{"line":299,"column":null}},"159":{"start":{"line":303,"column":4},"end":{"line":303,"column":null}},"160":{"start":{"line":307,"column":4},"end":{"line":307,"column":null}},"161":{"start":{"line":311,"column":4},"end":{"line":311,"column":null}},"162":{"start":{"line":315,"column":4},"end":{"line":315,"column":null}},"163":{"start":{"line":319,"column":4},"end":{"line":319,"column":null}},"164":{"start":{"line":323,"column":50},"end":{"line":323,"column":null}},"165":{"start":{"line":324,"column":27},"end":{"line":324,"column":null}},"166":{"start":{"line":326,"column":4},"end":{"line":346,"column":null}},"167":{"start":{"line":327,"column":6},"end":{"line":345,"column":null}},"168":{"start":{"line":328,"column":24},"end":{"line":328,"column":null}},"169":{"start":{"line":329,"column":8},"end":{"line":329,"column":null}},"170":{"start":{"line":329,"column":41},"end":{"line":329,"column":null}},"171":{"start":{"line":330,"column":8},"end":{"line":330,"column":null}},"172":{"start":{"line":332,"column":26},"end":{"line":332,"column":null}},"173":{"start":{"line":333,"column":28},"end":{"line":333,"column":null}},"174":{"start":{"line":334,"column":8},"end":{"line":334,"column":null}},"175":{"start":{"line":334,"column":40},"end":{"line":334,"column":null}},"176":{"start":{"line":336,"column":22},"end":{"line":336,"column":null}},"177":{"start":{"line":337,"column":8},"end":{"line":344,"column":null}},"178":{"start":{"line":338,"column":10},"end":{"line":343,"column":null}},"179":{"start":{"line":348,"column":4},"end":{"line":348,"column":null}},"180":{"start":{"line":356,"column":38},"end":{"line":356,"column":null}},"181":{"start":{"line":358,"column":2},"end":{"line":374,"column":null}},"182":{"start":{"line":359,"column":24},"end":{"line":361,"column":null}},"183":{"start":{"line":360,"column":11},"end":{"line":360,"column":null}},"184":{"start":{"line":363,"column":4},"end":{"line":373,"column":null}},"185":{"start":{"line":364,"column":6},"end":{"line":370,"column":null}},"186":{"start":{"line":365,"column":8},"end":{"line":369,"column":null}},"187":{"start":{"line":366,"column":15},"end":{"line":366,"column":null}},"188":{"start":{"line":368,"column":10},"end":{"line":368,"column":null}},"189":{"start":{"line":372,"column":6},"end":{"line":372,"column":null}},"190":{"start":{"line":376,"column":2},"end":{"line":376,"column":null}}},"fnMap":{"0":{"name":"(anonymous_0)","decl":{"start":{"line":13,"column":2},"end":{"line":13,"column":16}},"loc":{"start":{"line":13,"column":16},"end":{"line":15,"column":null}},"line":13},"1":{"name":"(anonymous_1)","decl":{"start":{"line":17,"column":10},"end":{"line":17,"column":23}},"loc":{"start":{"line":17,"column":71},"end":{"line":19,"column":null}},"line":17},"2":{"name":"(anonymous_2)","decl":{"start":{"line":21,"column":10},"end":{"line":21,"column":24}},"loc":{"start":{"line":21,"column":80},"end":{"line":24,"column":null}},"line":21},"3":{"name":"(anonymous_3)","decl":{"start":{"line":26,"column":2},"end":{"line":26,"column":19}},"loc":{"start":{"line":26,"column":44},"end":{"line":39,"column":null}},"line":26},"4":{"name":"(anonymous_4)","decl":{"start":{"line":34,"column":50},"end":{"line":34,"column":56}},"loc":{"start":{"line":34,"column":56},"end":{"line":38,"column":5}},"line":34},"5":{"name":"(anonymous_5)","decl":{"start":{"line":41,"column":10},"end":{"line":41,"column":29}},"loc":{"start":{"line":41,"column":54},"end":{"line":71,"column":null}},"line":41},"6":{"name":"(anonymous_6)","decl":{"start":{"line":73,"column":2},"end":{"line":73,"column":16}},"loc":{"start":{"line":73,"column":82},"end":{"line":84,"column":null}},"line":73},"7":{"name":"(anonymous_7)","decl":{"start":{"line":86,"column":2},"end":{"line":86,"column":12}},"loc":{"start":{"line":86,"column":37},"end":{"line":88,"column":null}},"line":86},"8":{"name":"(anonymous_8)","decl":{"start":{"line":90,"column":2},"end":{"line":90,"column":null}},"loc":{"start":{"line":93,"column":25},"end":{"line":139,"column":null}},"line":93},"9":{"name":"(anonymous_9)","decl":{"start":{"line":141,"column":10},"end":{"line":141,"column":null}},"loc":{"start":{"line":145,"column":18},"end":{"line":171,"column":null}},"line":145},"10":{"name":"(anonymous_10)","decl":{"start":{"line":173,"column":71},"end":{"line":173,"column":77}},"loc":{"start":{"line":173,"column":77},"end":{"line":173,"column":null}},"line":173},"11":{"name":"(anonymous_11)","decl":{"start":{"line":175,"column":2},"end":{"line":175,"column":25}},"loc":{"start":{"line":175,"column":78},"end":{"line":177,"column":null}},"line":175},"12":{"name":"(anonymous_12)","decl":{"start":{"line":179,"column":2},"end":{"line":179,"column":25}},"loc":{"start":{"line":179,"column":65},"end":{"line":206,"column":null}},"line":179},"13":{"name":"(anonymous_13)","decl":{"start":{"line":208,"column":10},"end":{"line":208,"column":null}},"loc":{"start":{"line":213,"column":18},"end":{"line":232,"column":null}},"line":213},"14":{"name":"(anonymous_14)","decl":{"start":{"line":234,"column":10},"end":{"line":234,"column":null}},"loc":{"start":{"line":239,"column":18},"end":{"line":259,"column":null}},"line":239},"15":{"name":"(anonymous_15)","decl":{"start":{"line":261,"column":2},"end":{"line":261,"column":23}},"loc":{"start":{"line":261,"column":77},"end":{"line":304,"column":null}},"line":261},"16":{"name":"(anonymous_16)","decl":{"start":{"line":306,"column":2},"end":{"line":306,"column":13}},"loc":{"start":{"line":306,"column":38},"end":{"line":308,"column":null}},"line":306},"17":{"name":"(anonymous_17)","decl":{"start":{"line":310,"column":2},"end":{"line":310,"column":30}},"loc":{"start":{"line":310,"column":30},"end":{"line":312,"column":null}},"line":310},"18":{"name":"(anonymous_18)","decl":{"start":{"line":314,"column":2},"end":{"line":314,"column":21}},"loc":{"start":{"line":314,"column":21},"end":{"line":316,"column":null}},"line":314},"19":{"name":"(anonymous_19)","decl":{"start":{"line":318,"column":2},"end":{"line":318,"column":10}},"loc":{"start":{"line":318,"column":38},"end":{"line":320,"column":null}},"line":318},"20":{"name":"(anonymous_20)","decl":{"start":{"line":322,"column":2},"end":{"line":322,"column":50}},"loc":{"start":{"line":322,"column":50},"end":{"line":349,"column":null}},"line":322},"21":{"name":"mergeCloseIntersections","decl":{"start":{"line":352,"column":16},"end":{"line":352,"column":null}},"loc":{"start":{"line":355,"column":23},"end":{"line":377,"column":null}},"line":355},"22":{"name":"(anonymous_22)","decl":{"start":{"line":360,"column":6},"end":{"line":360,"column":11}},"loc":{"start":{"line":360,"column":11},"end":{"line":360,"column":null}},"line":360},"23":{"name":"(anonymous_23)","decl":{"start":{"line":366,"column":10},"end":{"line":366,"column":15}},"loc":{"start":{"line":366,"column":15},"end":{"line":366,"column":null}},"line":366}},"branchMap":{"0":{"loc":{"start":{"line":30,"column":4},"end":{"line":32,"column":null}},"type":"if","locations":[{"start":{"line":30,"column":4},"end":{"line":32,"column":null}},{"start":{},"end":{}}],"line":30},"1":{"loc":{"start":{"line":46,"column":6},"end":{"line":46,"column":null}},"type":"if","locations":[{"start":{"line":46,"column":6},"end":{"line":46,"column":null}},{"start":{},"end":{}}],"line":46},"2":{"loc":{"start":{"line":46,"column":10},"end":{"line":46,"column":70}},"type":"binary-expr","locations":[{"start":{"line":46,"column":10},"end":{"line":46,"column":45}},{"start":{"line":46,"column":45},"end":{"line":46,"column":70}}],"line":46},"3":{"loc":{"start":{"line":50,"column":8},"end":{"line":50,"column":null}},"type":"if","locations":[{"start":{"line":50,"column":8},"end":{"line":50,"column":null}},{"start":{},"end":{}}],"line":50},"4":{"loc":{"start":{"line":76,"column":4},"end":{"line":76,"column":null}},"type":"if","locations":[{"start":{"line":76,"column":4},"end":{"line":76,"column":null}},{"start":{},"end":{}}],"line":76},"5":{"loc":{"start":{"line":76,"column":8},"end":{"line":76,"column":43}},"type":"binary-expr","locations":[{"start":{"line":76,"column":8},"end":{"line":76,"column":21}},{"start":{"line":76,"column":21},"end":{"line":76,"column":43}}],"line":76},"6":{"loc":{"start":{"line":95,"column":4},"end":{"line":95,"column":null}},"type":"if","locations":[{"start":{"line":95,"column":4},"end":{"line":95,"column":null}},{"start":{},"end":{}}],"line":95},"7":{"loc":{"start":{"line":107,"column":6},"end":{"line":109,"column":null}},"type":"if","locations":[{"start":{"line":107,"column":6},"end":{"line":109,"column":null}},{"start":{},"end":{}}],"line":107},"8":{"loc":{"start":{"line":117,"column":6},"end":{"line":117,"column":null}},"type":"if","locations":[{"start":{"line":117,"column":6},"end":{"line":117,"column":null}},{"start":{},"end":{}}],"line":117},"9":{"loc":{"start":{"line":120,"column":6},"end":{"line":120,"column":null}},"type":"if","locations":[{"start":{"line":120,"column":6},"end":{"line":120,"column":null}},{"start":{},"end":{}}],"line":120},"10":{"loc":{"start":{"line":123,"column":6},"end":{"line":134,"column":null}},"type":"if","locations":[{"start":{"line":123,"column":6},"end":{"line":134,"column":null}},{"start":{},"end":{}}],"line":123},"11":{"loc":{"start":{"line":147,"column":4},"end":{"line":147,"column":null}},"type":"if","locations":[{"start":{"line":147,"column":4},"end":{"line":147,"column":null}},{"start":{},"end":{}}],"line":147},"12":{"loc":{"start":{"line":158,"column":4},"end":{"line":158,"column":null}},"type":"if","locations":[{"start":{"line":158,"column":4},"end":{"line":158,"column":null}},{"start":{},"end":{}}],"line":158},"13":{"loc":{"start":{"line":163,"column":4},"end":{"line":168,"column":null}},"type":"if","locations":[{"start":{"line":163,"column":4},"end":{"line":168,"column":null}},{"start":{},"end":{}}],"line":163},"14":{"loc":{"start":{"line":163,"column":8},"end":{"line":163,"column":58}},"type":"binary-expr","locations":[{"start":{"line":163,"column":8},"end":{"line":163,"column":21}},{"start":{"line":163,"column":21},"end":{"line":163,"column":34}},{"start":{"line":163,"column":34},"end":{"line":163,"column":47}},{"start":{"line":163,"column":47},"end":{"line":163,"column":58}}],"line":163},"15":{"loc":{"start":{"line":181,"column":4},"end":{"line":181,"column":null}},"type":"if","locations":[{"start":{"line":181,"column":4},"end":{"line":181,"column":null}},{"start":{},"end":{}}],"line":181},"16":{"loc":{"start":{"line":187,"column":6},"end":{"line":187,"column":null}},"type":"if","locations":[{"start":{"line":187,"column":6},"end":{"line":187,"column":null}},{"start":{},"end":{}}],"line":187},"17":{"loc":{"start":{"line":191,"column":6},"end":{"line":191,"column":null}},"type":"if","locations":[{"start":{"line":191,"column":6},"end":{"line":191,"column":null}},{"start":{},"end":{}}],"line":191},"18":{"loc":{"start":{"line":191,"column":10},"end":{"line":191,"column":38}},"type":"binary-expr","locations":[{"start":{"line":191,"column":10},"end":{"line":191,"column":24}},{"start":{"line":191,"column":24},"end":{"line":191,"column":38}}],"line":191},"19":{"loc":{"start":{"line":194,"column":6},"end":{"line":202,"column":null}},"type":"if","locations":[{"start":{"line":194,"column":6},"end":{"line":202,"column":null}},{"start":{},"end":{}}],"line":194},"20":{"loc":{"start":{"line":220,"column":4},"end":{"line":220,"column":null}},"type":"if","locations":[{"start":{"line":220,"column":4},"end":{"line":220,"column":null}},{"start":{},"end":{}}],"line":220},"21":{"loc":{"start":{"line":224,"column":4},"end":{"line":229,"column":null}},"type":"if","locations":[{"start":{"line":224,"column":4},"end":{"line":229,"column":null}},{"start":{},"end":{}}],"line":224},"22":{"loc":{"start":{"line":224,"column":8},"end":{"line":224,"column":32}},"type":"binary-expr","locations":[{"start":{"line":224,"column":8},"end":{"line":224,"column":21}},{"start":{"line":224,"column":21},"end":{"line":224,"column":32}}],"line":224},"23":{"loc":{"start":{"line":246,"column":4},"end":{"line":246,"column":null}},"type":"if","locations":[{"start":{"line":246,"column":4},"end":{"line":246,"column":null}},{"start":{},"end":{}}],"line":246},"24":{"loc":{"start":{"line":251,"column":4},"end":{"line":256,"column":null}},"type":"if","locations":[{"start":{"line":251,"column":4},"end":{"line":256,"column":null}},{"start":{},"end":{}}],"line":251},"25":{"loc":{"start":{"line":251,"column":8},"end":{"line":251,"column":58}},"type":"binary-expr","locations":[{"start":{"line":251,"column":8},"end":{"line":251,"column":21}},{"start":{"line":251,"column":21},"end":{"line":251,"column":34}},{"start":{"line":251,"column":34},"end":{"line":251,"column":47}},{"start":{"line":251,"column":47},"end":{"line":251,"column":58}}],"line":251},"26":{"loc":{"start":{"line":276,"column":6},"end":{"line":276,"column":null}},"type":"if","locations":[{"start":{"line":276,"column":6},"end":{"line":276,"column":null}},{"start":{},"end":{}}],"line":276},"27":{"loc":{"start":{"line":281,"column":8},"end":{"line":281,"column":null}},"type":"if","locations":[{"start":{"line":281,"column":8},"end":{"line":281,"column":null}},{"start":{},"end":{}}],"line":281},"28":{"loc":{"start":{"line":285,"column":8},"end":{"line":285,"column":null}},"type":"if","locations":[{"start":{"line":285,"column":8},"end":{"line":285,"column":null}},{"start":{},"end":{}}],"line":285},"29":{"loc":{"start":{"line":288,"column":8},"end":{"line":288,"column":null}},"type":"if","locations":[{"start":{"line":288,"column":8},"end":{"line":288,"column":null}},{"start":{},"end":{}}],"line":288},"30":{"loc":{"start":{"line":291,"column":8},"end":{"line":291,"column":null}},"type":"if","locations":[{"start":{"line":291,"column":8},"end":{"line":291,"column":null}},{"start":{},"end":{}}],"line":291},"31":{"loc":{"start":{"line":329,"column":8},"end":{"line":329,"column":null}},"type":"if","locations":[{"start":{"line":329,"column":8},"end":{"line":329,"column":null}},{"start":{},"end":{}}],"line":329},"32":{"loc":{"start":{"line":334,"column":8},"end":{"line":334,"column":null}},"type":"if","locations":[{"start":{"line":334,"column":8},"end":{"line":334,"column":null}},{"start":{},"end":{}}],"line":334},"33":{"loc":{"start":{"line":334,"column":12},"end":{"line":334,"column":40}},"type":"binary-expr","locations":[{"start":{"line":334,"column":12},"end":{"line":334,"column":26}},{"start":{"line":334,"column":26},"end":{"line":334,"column":40}}],"line":334},"34":{"loc":{"start":{"line":337,"column":8},"end":{"line":344,"column":null}},"type":"if","locations":[{"start":{"line":337,"column":8},"end":{"line":344,"column":null}},{"start":{},"end":{}}],"line":337},"35":{"loc":{"start":{"line":354,"column":2},"end":{"line":354,"column":null}},"type":"default-arg","locations":[{"start":{"line":354,"column":22},"end":{"line":354,"column":null}}],"line":354},"36":{"loc":{"start":{"line":363,"column":4},"end":{"line":373,"column":null}},"type":"if","locations":[{"start":{"line":363,"column":4},"end":{"line":373,"column":null}},{"start":{"line":371,"column":11},"end":{"line":373,"column":null}}],"line":363},"37":{"loc":{"start":{"line":365,"column":8},"end":{"line":369,"column":null}},"type":"if","locations":[{"start":{"line":365,"column":8},"end":{"line":369,"column":null}},{"start":{},"end":{}}],"line":365},"38":{"loc":{"start":{"line":366,"column":15},"end":{"line":366,"column":null}},"type":"binary-expr","locations":[{"start":{"line":366,"column":15},"end":{"line":366,"column":46}},{"start":{"line":366,"column":46},"end":{"line":366,"column":null}}],"line":366}},"s":{"0":3,"1":3,"2":3,"3":3,"4":3,"5":0,"6":3,"7":106,"8":0,"9":0,"10":3,"11":3,"12":0,"13":3,"14":3,"15":3,"16":3,"17":3,"18":3,"19":3,"20":104,"21":0,"22":104,"23":104,"24":104,"25":104,"26":0,"27":104,"28":104,"29":104,"30":104,"31":104,"32":104,"33":104,"34":3,"35":2,"36":2,"37":2,"38":0,"39":2,"40":2,"41":2,"42":2,"43":2,"44":0,"45":0,"46":0,"47":0,"48":0,"49":0,"50":0,"51":0,"52":0,"53":0,"54":0,"55":0,"56":0,"57":0,"58":0,"59":0,"60":0,"61":0,"62":0,"63":0,"64":0,"65":0,"66":0,"67":0,"68":0,"69":0,"70":0,"71":0,"72":0,"73":0,"74":0,"75":0,"76":0,"77":0,"78":0,"79":0,"80":0,"81":0,"82":0,"83":0,"84":0,"85":0,"86":0,"87":0,"88":0,"89":0,"90":0,"91":0,"92":3,"93":0,"94":0,"95":0,"96":0,"97":0,"98":0,"99":0,"100":0,"101":0,"102":0,"103":0,"104":0,"105":0,"106":0,"107":0,"108":0,"109":0,"110":0,"111":0,"112":0,"113":0,"114":0,"115":0,"116":0,"117":0,"118":0,"119":0,"120":0,"121":0,"122":0,"123":0,"124":0,"125":0,"126":0,"127":0,"128":0,"129":0,"130":0,"131":0,"132":0,"133":0,"134":0,"135":0,"136":0,"137":0,"138":0,"139":0,"140":0,"141":0,"142":0,"143":0,"144":0,"145":0,"146":0,"147":0,"148":0,"149":0,"150":0,"151":0,"152":0,"153":0,"154":0,"155":0,"156":0,"157":0,"158":0,"159":0,"160":0,"161":1,"162":0,"163":0,"164":0,"165":0,"166":0,"167":0,"168":0,"169":0,"170":0,"171":0,"172":0,"173":0,"174":0,"175":0,"176":0,"177":0,"178":0,"179":0,"180":0,"181":0,"182":0,"183":0,"184":0,"185":0,"186":0,"187":0,"188":0,"189":0,"190":0},"f":{"0":3,"1":106,"2":0,"3":3,"4":3,"5":3,"6":2,"7":0,"8":0,"9":0,"10":0,"11":3,"12":0,"13":0,"14":0,"15":0,"16":0,"17":1,"18":0,"19":0,"20":0,"21":0,"22":0,"23":0},"b":{"0":[0,3],"1":[0,104],"2":[104,104],"3":[0,104],"4":[0,2],"5":[2,2],"6":[0,0],"7":[0,0],"8":[0,0],"9":[0,0],"10":[0,0],"11":[0,0],"12":[0,0],"13":[0,0],"14":[0,0,0,0],"15":[0,0],"16":[0,0],"17":[0,0],"18":[0,0],"19":[0,0],"20":[0,0],"21":[0,0],"22":[0,0],"23":[0,0],"24":[0,0],"25":[0,0,0,0],"26":[0,0],"27":[0,0],"28":[0,0],"29":[0,0],"30":[0,0],"31":[0,0],"32":[0,0],"33":[0,0],"34":[0,0],"35":[0],"36":[0,0],"37":[0,0],"38":[0,0]},"meta":{"lastBranch":39,"lastFunction":24,"lastStatement":191,"seen":{"s:7:53:7:Infinity":0,"s:8:39:8:Infinity":1,"s:9:39:9:Infinity":2,"s:10:44:10:Infinity":3,"s:11:44:11:Infinity":4,"s:173:71:173:Infinity":5,"f:13:2:13:16":0,"s:14:4:14:Infinity":6,"f:17:10:17:23":1,"s:18:4:18:Infinity":7,"f:21:10:21:24":2,"s:22:37:22:Infinity":8,"s:23:4:23:Infinity":9,"f:26:2:26:19":3,"s:28:4:28:Infinity":10,"b:30:4:32:Infinity:undefined:undefined:undefined:undefined":0,"s:30:4:32:Infinity":11,"s:31:6:31:Infinity":12,"s:34:4:38:Infinity":13,"f:34:50:34:56":4,"s:35:6:35:Infinity":14,"s:36:6:36:Infinity":15,"s:37:6:37:Infinity":16,"f:41:10:41:29":5,"s:42:4:42:Infinity":17,"s:43:4:43:Infinity":18,"s:45:4:68:Infinity":19,"b:46:6:46:Infinity:undefined:undefined:undefi
[...]
pe":"if","locations":[{"start":{"line":267,"column":2},"end":{"line":277,"column":null}},{"start":{},"end":{}}],"line":267},"19":{"loc":{"start":{"line":283,"column":14},"end":{"line":283,"column":null}},"type":"cond-expr","locations":[{"start":{"line":283,"column":34},"end":{"line":283,"column":60}},{"start":{"line":283,"column":60},"end":{"line":283,"column":null}}],"line":283},"20":{"loc":{"start":{"line":301,"column":2},"end":{"line":301,"column":null}},"type":"if","locations":[{"start":{"line":301,"column":2},"end":{"line":301,"column":null}},{"start":{},"end":{}}],"line":301},"21":{"loc":{"start":{"line":303,"column":2},"end":{"line":305,"column":null}},"type":"if","locations":[{"start":{"line":303,"column":2},"end":{"line":305,"column":null}},{"start":{},"end":{}}],"line":303},"22":{"loc":{"start":{"line":307,"column":2},"end":{"line":309,"column":null}},"type":"if","locations":[{"start":{"line":307,"column":2},"end":{"line":309,"column":null}},{"start":{},"end":{}}],"line":307},"23":{"loc":{"start":{"line":342,"column":69},"end":{"line":342,"column":102}},"type":"default-arg","locations":[{"start":{"line":342,"column":89},"end":{"line":342,"column":102}}],"line":342},"24":{"loc":{"start":{"line":343,"column":2},"end":{"line":382,"column":null}},"type":"switch","locations":[{"start":{"line":344,"column":4},"end":{"line":354,"column":null}},{"start":{"line":356,"column":4},"end":{"line":369,"column":null}},{"start":{"line":371,"column":4},"end":{"line":378,"column":null}},{"start":{"line":380,"column":4},"end":{"line":381,"column":null}}],"line":343}},"s":{"0":3,"1":7,"2":1,"3":6,"4":6,"5":3,"6":3,"7":3,"8":1,"9":2,"10":5,"11":5,"12":5,"13":5,"14":17,"15":1,"16":16,"17":16,"18":16,"19":16,"20":3,"21":13,"22":13,"23":13,"24":13,"25":13,"26":13,"27":1055,"28":1055,"29":1055,"30":1055,"31":1055,"32":1055,"33":13,"34":13,"35":13,"36":8,"37":2,"38":6,"39":6,"40":0,"41":6,"42":80,"43":6,"44":80,"45":6,"46":80,"47":6,"48":80,"49":6,"50":6,"51":80,"52":6,"53":6,"54":6,"55":6,"56":74,"57":74,"58":6,"59":6,"60":0,"61":6,"62":6,"63":8,"64":6,"65":6,"66":0,"67":6,"68":6,"69":6,"70":80,"71":80,"72":6,"73":6,"74":80,"75":6,"76":80,"77":6,"78":6,"79":80,"80":45,"81":6,"82":1,"83":5,"84":5,"85":5,"86":5,"87":5,"88":37,"89":37,"90":122,"91":122,"92":122,"93":122,"94":122,"95":122,"96":122,"97":122,"98":0,"99":122,"100":122,"101":122,"102":122,"103":122,"104":244,"105":3124,"106":244,"107":3124,"108":244,"109":3124,"110":3124,"111":244,"112":33,"113":33,"114":37,"115":2,"116":0,"117":2,"118":2,"119":2,"120":2,"121":16,"122":16,"123":16,"124":16,"125":2,"126":2,"127":0,"128":2,"129":0,"130":2,"131":0,"132":2,"133":2,"134":2,"135":2,"136":2,"137":2,"138":16,"139":16,"140":16,"141":16,"142":16,"143":16,"144":16,"145":0,"146":0,"147":0,"148":0,"149":0,"150":0,"151":0,"152":0,"153":0,"154":0,"155":0,"156":0,"157":0,"158":0,"159":0,"160":0,"161":0,"162":0,"163":0,"164":0,"165":0,"166":0},"f":{"0":7,"1":5,"2":17,"3":8,"4":80,"5":80,"6":80,"7":80,"8":80,"9":6,"10":80,"11":80,"12":3124,"13":3124,"14":3124,"15":3124,"16":2,"17":2,"18":16,"19":0},"b":{"0":[7],"1":[1,6],"2":[3,3],"3":[6,3],"4":[1,2],"5":[3,3],"6":[2,3],"7":[1,16],"8":[3,13],"9":[2,6],"10":[0,6],"11":[0,6],"12":[6,6],"13":[0,6],"14":[45,35],"15":[1,5],"16":[0,122],"17":[33,211],"18":[0,2],"19":[16,0],"20":[0,2],"21":[0,2],"22":[0,2],"23":[0],"24":[0,0,0,0]},"meta":{"lastBranch":25,"lastFunction":20,"lastStatement":167,"seen":{"s:46:66:50:Infinity":0,"f:52:16:52:Infinity":0,"b:54:37:54:Infinity":0,"b:56:2:58:Infinity:undefined:undefined:undefined:undefined":1,"s:56:2:58:Infinity":1,"s:57:4:57:Infinity":2,"s:60:21:60:Infinity":3,"b:61:2:63:Infinity:undefined:undefined:undefined:undefined":2,"s:61:2:63:Infinity":4,"b:61:6:61:28:61:28:61:85":3,"s:62:4:62:Infinity":5,"s:65:20:65:Infinity":6,"b:66:2:68:Infinity:undefined:undefined:undefined:undefined":4,"s:66:2:68:Infinity":7,"b:66:6:66:27:66:27:66:82":5,"s:67:4:67:Infinity":8,"s:70:2:70:Infinity":9,"f:73:9:73:29":1,"s:74:16:74:Infinity":10,"s:75:14:75:Infinity":11,"s:76:8:76:Infinity":12,"s:77:2:84:Infinity":13,"b:80:24:80:28:80:28:80:Infinity":6,"f:87:16:87:24":2,"b:88:2:90:Infinity:undefined:undefined:undefined:undefined":7,"s:88:2:90:Infinity":14,"s:89:4:89:Infinity":15,"s:92:16:92:Infinity":16,"s:93:14:93:Infinity":17,"s:94:8:94:Infinity":18,"b:96:2:98:Infinity:undefined:undefined:undefined:undefined":8,"s:96:2:98:Infinity":19,"s:97:4:97:Infinity":20,"s:100:13:100:Infinity":21,"s:101:13:101:Infinity":22,"s:102:16:102:Infinity":23,"s:104:17:104:Infinity":24,"s:105:19:105:Infinity":25,"s:107:2:114:Infinity":26,"s:108:14:108:Infinity":27,"s:109:18:109:Infinity":28,"s:110:18:110:Infinity":29,"s:111:16:111:Infinity":30,"s:112:4:112:Infinity":31,"s:113:4:113:Infinity":32,"s:116:19:116:Infinity":33,"s:117:18:117:Infinity":34,"s:119:2:129:Infinity":35,"f:132:16:132:23":3,"b:133:2:147:Infinity:undefined:undefined:undefined:undefined":9,"s:133:2:147:Infinity":36,"s:134:4:146:Infinity":37,"s:149:17:149:Infinity":38,"b:150:2:164:Infinity:undefined:undefined:undefined:undefined":10,"s:150:2:164:Infinity":39,"s:151:4:163:Infinity":40,"s:166:16:166:Infinity":41,"f:166:27:166:32":4,"s:166:27:166:51":42,"s:167:20:167:Infinity":43,"f:167:33:167:34":5,"s:167:43:167:50":44,"s:169:23:169:Infinity":45,"f:169:33:169:39":6,"s:169:33:169:58":46,"s:170:19:170:Infinity":47,"f:170:39:170:40":7,"s:170:49:170:56":48,"s:171:17:171:Infinity":49,"s:173:17:173:Infinity":50,"f:173:28:173:33":8,"s:173:33:173:75":51,"s:174:17:174:Infinity":52,"s:175:17:175:Infinity":53,"s:176:2:179:Infinity":54,"s:176:15:176:18":55,"s:177:4:177:Infinity":56,"s:178:4:178:Infinity":57,"s:180:24:180:Infinity":58,"b:181:2:181:Infinity:undefined:undefined:undefined:undefined":11,"s:181:2:181:Infinity":59,"s:181:27:181:Infinity":60,"s:183:16:183:Infinity":61,"s:184:18:184:Infinity":62,"b:184:18:184:51:184:51:184:Infinity":12,"s:186:2:198:Infinity":63,"f:201:9:201:23":9,"s:202:12:202:Infinity":64,"b:203:2:203:Infinity:undefined:undefined:undefined:undefined":13,"s:203:2:203:Infinity":65,"s:203:13:203:Infinity":66,"s:205:13:205:16":67,"s:205:23:205:Infinity":68,"s:206:2:209:Infinity":69,"s:207:4:207:Infinity":70,"s:208:4:208:Infinity":71,"s:210:19:210:Infinity":72,"s:212:16:212:Infinity":73,"f:212:27:212:32":10,"s:212:27:212:53":74,"s:213:20:213:Infinity":75,"f:213:33:213:34":11,"s:213:43:213:50":76,"s:215:18:215:Infinity":77,"s:216:2:220:Infinity":78,"b:217:4:219:Infinity:undefined:undefined:undefined:undefined":14,"s:217:4:219:Infinity":79,"s:218:6:218:Infinity":80,"b:222:2:224:Infinity:undefined:undefined:undefined:undefined":15,"s:222:2:224:Infinity":81,"s:223:4:223:Infinity":82,"s:226:33:226:Infinity":83,"s:227:21:227:Infinity":84,"s:229:21:229:Infinity":85,"s:230:2:261:Infinity":86,"s:230:15:230:18":87,"s:231:4:260:Infinity":88,"s:231:17:231:24":89,"s:232:17:232:Infinity":90,"s:233:17:233:Infinity":91,"s:234:12:234:Infinity":92,"s:235:12:235:Infinity":93,"s:237:18:237:Infinity":94,"s:238:18:238:Infinity":95,"s:239:18:239:Infinity":96,"b:240:6:240:Infinity:undefined:undefined:undefined:undefined":16,"s:240:6:240:Infinity":97,"s:240:19:240:Infinity":98,"s:241:6:241:Infinity":99,"s:242:6:242:Infinity":100,"s:244:12:244:Infinity":101,"s:245:25:248:Infinity":102,"s:250:6:259:Infinity":103,"s:251:19:251:Infinity":104,"f:251:30:251:35":12,"s:251:30:251:49":105,"s:252:21:252:Infinity":106,"f:252:31:252:32":13,"s:252:41:252:48":107,"s:253:21:253:Infinity":108,"f:253:28:253:34":14,"s:253:28:253:48":109,"f:253:57:253:58":15,"s:253:67:253:74":110,"b:255:8:258:Infinity:undefined:undefined:undefined:undefined":17,"s:255:8:258:Infinity":111,"s:256:10:256:Infinity":112,"s:257:10:257:Infinity":113,"s:263:2:263:Infinity":114,"f:266:16:266:26":16,"b:267:2:277:Infinity:undefined:undefined:undefined:undefined":18,"s:267:2:277:Infinity":115,"s:268:4:276:Infinity":116,"s:279:24:279:Infinity":117,"s:281:17:281:Infinity":118,"s:282:2:287:Infinity":119,"s:282:15:282:18":120,"s:283:14:283:Infinity":121,"b:283:34:283:60:283:60:283:Infinity":19,"s:284:24:284:Infinity":122,"s:285:10:285:Infinity":123,"s:286:4:286:Infinity":124,"s:289:2:297:Infinity":125,"f:300:9:300:36":17,"b:301:2:301:Infinity:undefined:undefined:undefined:undefined":20,"s:301:2:301:Infinity":126,"s:301:25:301:Infinity":127,"b:303:2:305:Infinity:undefined:undefined:undefined:undefined":21,"s:303:2:305:Infinity":128,"s:304:4:304:Infinity":129,"b:307:2:309:Infinity:undefined:undefined:undefined:undefined":22,"s:307:2:309:Infinity":130,"s:308:4:308:Infinity":131,"s:311:12:311:Infinity":132,"s:312:13:312:Infinity":133,"s:313:13:313:Infinity":134,"s:315:13:318:Infinity":135,"s:320:14:323:Infinity":136,"s:325:2:325:Infinity":137,"f:328:9:328:29":18,"s:329:27:329:Infinity":138,"s:330:13:330:Infinity":139,"s:331:14:331:Infinity":140,"s:332:14:332:Infinity":141,"s:333:13:333:Infinity":142,"s:334:13:334:Infinity":143,"s:336:2:339:Infinity":144,"f:342:16:342:44":19,"b:342:89:342:102":23,"b:344:4:354:Infinity:356:4:369:Infinity:371:4:378:Infinity:380:4:381:Infinity":24,"s:343:2:382:Infinity":145,"s:345:30:345:Infinity":146,"s:346:6:352:Infinity":147,"s:346:19:346:22":148,"s:347:18:347:Infinity":149,"s:348:8:351:Infinity":150,"s:353:6:353:Infinity":151,"s:357:30:357:Infinity":152,"s:358:62:358:Infinity":153,"s:360:6:367:Infinity":154,"s:360:19:360:22":155,"s:361:18:361:Infinity":156,"s:362:22:362:Infinity":157,"s:363:8:366:Infinity":158,"s:368:6:368:Infinity":159,"s:372:30:372:Infinity":160,"s:373:6:376:Infinity":161,"s:373:19:373:22":162,"s:374:18:374:Infinity":163,"s:375:8:375:Infinity":164,"s:377:6:377:Infinity":165,"s:381:6:381:Infinity":166}}}
,"E:\\code\\web-stroker\\src\\utils\\angleHelpers.ts": {"path":"E:\\code\\web-stroker\\src\\utils\\angleHelpers.ts","statementMap":{"0":{"start":{"line":7,"column":19},"end":{"line":7,"column":null}},"1":{"start":{"line":9,"column":2},"end":{"line":11,"column":null}},"2":{"start":{"line":10,"column":4},"end":{"line":10,"column":null}},"3":{"start":{"line":12,"column":2},"end":{"line":14,"column":null}},"4":{"start":{"line":13,"column":4},"end":{"line":13,"column":null}},"5":{"start":{"line":15,"column":2},"end":{"line":15,"column":null}},"6":{"start":{"line":24,"column":16},"end":{"line":24,"column":null}},"7":{"start":{"line":25,"column":16},"end":{"line":25,"column":null}},"8":{"start":{"line":26,"column":13},"end":{"line":26,"column":null}},"9":{"start":{"line":29,"column":2},"end":{"line":29,"column":null}},"10":{"start":{"line":29,"column":22},"end":{"line":29,"column":null}},"11":{"start":{"line":30,"column":2},"end":{"line":30,"column":null}},"12":{"start":{"line":30,"column":23},"end":{"line":30,"column":null}},"13":{"start":{"line":31,"column":2},"end":{"line":31,"column":null}},"14":{"start":{"line":45,"column":16},"end":{"line":45,"column":null}},"15":{"start":{"line":46,"column":14},"end":{"line":46,"column":null}},"16":{"start":{"line":47,"column":15},"end":{"line":47,"column":null}},"17":{"start":{"line":50,"column":16},"end":{"line":50,"column":null}},"18":{"start":{"line":53,"column":2},"end":{"line":55,"column":null}},"19":{"start":{"line":54,"column":4},"end":{"line":54,"column":null}},"20":{"start":{"line":58,"column":24},"end":{"line":58,"column":null}},"21":{"start":{"line":61,"column":2},"end":{"line":66,"column":null}},"22":{"start":{"line":62,"column":4},"end":{"line":62,"column":null}},"23":{"start":{"line":65,"column":4},"end":{"line":65,"column":null}},"24":{"start":{"line":88,"column":2},"end":{"line":90,"column":null}},"25":{"start":{"line":89,"column":4},"end":{"line":89,"column":null}},"26":{"start":{"line":93,"column":17},"end":{"line":93,"column":null}},"27":{"start":{"line":94,"column":17},"end":{"line":94,"column":null}},"28":{"start":{"line":95,"column":20},"end":{"line":95,"column":null}},"29":{"start":{"line":96,"column":21},"end":{"line":96,"column":null}},"30":{"start":{"line":99,"column":13},"end":{"line":99,"column":null}},"31":{"start":{"line":100,"column":13},"end":{"line":100,"column":null}},"32":{"start":{"line":101,"column":16},"end":{"line":101,"column":null}},"33":{"start":{"line":102,"column":17},"end":{"line":102,"column":null}},"34":{"start":{"line":105,"column":26},"end":{"line":105,"column":null}},"35":{"start":{"line":106,"column":26},"end":{"line":106,"column":null}},"36":{"start":{"line":108,"column":2},"end":{"line":112,"column":null}},"37":{"start":{"line":109,"column":4},"end":{"line":109,"column":null}},"38":{"start":{"line":110,"column":2},"end":{"line":112,"column":null}},"39":{"start":{"line":111,"column":4},"end":{"line":111,"column":null}},"40":{"start":{"line":116,"column":15},"end":{"line":116,"column":null}},"41":{"start":{"line":117,"column":15},"end":{"line":117,"column":null}},"42":{"start":{"line":118,"column":19},"end":{"line":118,"column":null}},"43":{"start":{"line":120,"column":15},"end":{"line":120,"column":null}},"44":{"start":{"line":121,"column":15},"end":{"line":121,"column":null}},"45":{"start":{"line":123,"column":2},"end":{"line":123,"column":null}},"46":{"start":{"line":131,"column":2},"end":{"line":131,"column":null}}},"fnMap":{"0":{"name":"angleNormalize","decl":{"start":{"line":6,"column":16},"end":{"line":6,"column":31}},"loc":{"start":{"line":6,"column":54},"end":{"line":16,"column":null}},"line":6},"1":{"name":"angleDiff","decl":{"start":{"line":22,"column":16},"end":{"line":22,"column":26}},"loc":{"start":{"line":22,"column":56},"end":{"line":32,"column":null}},"line":22},"2":{"name":"angleContains","decl":{"start":{"line":44,"column":16},"end":{"line":44,"column":30}},"loc":{"start":{"line":44,"column":116},"end":{"line":67,"column":null}},"line":44},"3":{"name":"chooseIntersectionByMouseAngle","decl":{"start":{"line":80,"column":16},"end":{"line":80,"column":null}},"loc":{"start":{"line":86,"column":9},"end":{"line":124,"column":null}},"line":86},"4":{"name":"computeArcSweep","decl":{"start":{"line":130,"column":16},"end":{"line":130,"column":32}},"loc":{"start":{"line":130,"column":78},"end":{"line":132,"column":null}},"line":130}},"branchMap":{"0":{"loc":{"start":{"line":9,"column":2},"end":{"line":11,"column":null}},"type":"if","locations":[{"start":{"line":9,"column":2},"end":{"line":11,"column":null}},{"start":{},"end":{}}],"line":9},"1":{"loc":{"start":{"line":12,"column":2},"end":{"line":14,"column":null}},"type":"if","locations":[{"start":{"line":12,"column":2},"end":{"line":14,"column":null}},{"start":{},"end":{}}],"line":12},"2":{"loc":{"start":{"line":29,"column":2},"end":{"line":29,"column":null}},"type":"if","locations":[{"start":{"line":29,"column":2},"end":{"line":29,"column":null}},{"start":{},"end":{}}],"line":29},"3":{"loc":{"start":{"line":30,"column":2},"end":{"line":30,"column":null}},"type":"if","locations":[{"start":{"line":30,"column":2},"end":{"line":30,"column":null}},{"start":{},"end":{}}],"line":30},"4":{"loc":{"start":{"line":44,"column":87},"end":{"line":44,"column":116}},"type":"default-arg","locations":[{"start":{"line":44,"column":101},"end":{"line":44,"column":116}}],"line":44},"5":{"loc":{"start":{"line":53,"column":2},"end":{"line":55,"column":null}},"type":"if","locations":[{"start":{"line":53,"column":2},"end":{"line":55,"column":null}},{"start":{},"end":{}}],"line":53},"6":{"loc":{"start":{"line":61,"column":2},"end":{"line":66,"column":null}},"type":"if","locations":[{"start":{"line":61,"column":2},"end":{"line":66,"column":null}},{"start":{"line":63,"column":9},"end":{"line":66,"column":null}}],"line":61},"7":{"loc":{"start":{"line":62,"column":11},"end":{"line":62,"column":null}},"type":"binary-expr","locations":[{"start":{"line":62,"column":11},"end":{"line":62,"column":36}},{"start":{"line":62,"column":36},"end":{"line":62,"column":null}}],"line":62},"8":{"loc":{"start":{"line":65,"column":11},"end":{"line":65,"column":null}},"type":"binary-expr","locations":[{"start":{"line":65,"column":11},"end":{"line":65,"column":43}},{"start":{"line":65,"column":43},"end":{"line":65,"column":null}}],"line":65},"9":{"loc":{"start":{"line":88,"column":2},"end":{"line":90,"column":null}},"type":"if","locations":[{"start":{"line":88,"column":2},"end":{"line":90,"column":null}},{"start":{},"end":{}}],"line":88},"10":{"loc":{"start":{"line":108,"column":2},"end":{"line":112,"column":null}},"type":"if","locations":[{"start":{"line":108,"column":2},"end":{"line":112,"column":null}},{"start":{"line":110,"column":2},"end":{"line":112,"column":null}}],"line":108},"11":{"loc":{"start":{"line":108,"column":6},"end":{"line":108,"column":43}},"type":"binary-expr","locations":[{"start":{"line":108,"column":6},"end":{"line":108,"column":25}},{"start":{"line":108,"column":25},"end":{"line":108,"column":43}}],"line":108},"12":{"loc":{"start":{"line":110,"column":2},"end":{"line":112,"column":null}},"type":"if","locations":[{"start":{"line":110,"column":2},"end":{"line":112,"column":null}},{"start":{},"end":{}}],"line":110},"13":{"loc":{"start":{"line":110,"column":13},"end":{"line":110,"column":50}},"type":"binary-expr","locations":[{"start":{"line":110,"column":13},"end":{"line":110,"column":32}},{"start":{"line":110,"column":32},"end":{"line":110,"column":50}}],"line":110},"14":{"loc":{"start":{"line":123,"column":9},"end":{"line":123,"column":null}},"type":"cond-expr","locations":[{"start":{"line":123,"column":23},"end":{"line":123,"column":39}},{"start":{"line":123,"column":39},"end":{"line":123,"column":null}}],"line":123}},"s":{"0":102,"1":102,"2":5,"3":102,"4":3,"5":102,"6":28,"7":28,"8":28,"9":28,"10":0,"11":28,"12":1,"13":28,"14":10,"15":10,"16":10,"17":10,"18":10,"19":0,"20":10,"21":10,"22":7,"23":3,"24":3,"25":1,"26":2,"27":2,"28":2,"29":2,"30":2,"31":2,"32":2,"33":2,"34":2,"35":2,"36":2,"37":1,"38":1,"39":1,"40":0,"41":0,"42":0,"43":0,"44":0,"45":0,"46":3},"f":{"0":102,"1":28,"2":10,"3":3,"4":3},"b":{"0":[5,97],"1":[3,99],"2":[0,28],"3":[1,27],"4":[10],"5":[0,10],"6":[7,3],"7":[7,6],"8":[3,2],"9":[1,2],"10":[1,1],"11":[2,1],"12":[1,0],"13":[1,1],"14":[0,0]},"meta":{"lastBranch":15,"lastFunction":5,"lastStatement":47,"seen":{"f:6:16:6:31":0,"s:7:19:7:Infinity":0,"b:9:2:11:Infinity:undefined:undefined:undefined:undefined":0,"s:9:2:11:Infinity":1,"s:10:4:10:Infinity":2,"b:12:2:14:Infinity:undefined:undefined:undefined:undefined":1,"s:12:2:14:Infinity":3,"s:13:4:13:Infinity":4,"s:15:2:15:Infinity":5,"f:22:16:22:26":1,"s:24:16:24:Infinity":6,"s:25:16:25:Infinity":7,"s:26:13:26:Infinity":8,"b:29:2:29:Infinity:undefined:undefined:undefined:undefined":2,"s:29:2:29:Infinity":9,"s:29:22:29:Infinity":10,"b:30:2:30:Infinity:undefined:undefined:undefined:undefined":3,"s:30:2:30:Infinity":11,"s:30:23:30:Infinity":12,"s:31:2:31:Infinity":13,"f:44:16:44:30":2,"b:44:101:44:116":4,"s:45:16:45:Infinity":14,"s:46:14:46:Infinity":15,"s:47:15:47:Infinity":16,"s:50:16:50:Infinity":17,"b:53:2:55:Infinity:undefined:undefined:undefined:undefined":5,"s:53:2:55:Infinity":18,"s:54:4:54:Infinity":19,"s:58:24:58:Infinity":20,"b:61:2:66:Infinity:63:9:66:Infinity":6,"s:61:2:66:Infinity":21,"s:62:4:62:Infinity":22,"b:62:11:62:36:62:36:62:Infinity":7,"s:65:4:65:Infinity":23,"b:65:11:65:43:65:43:65:Infinity":8,"f:80:16:80:Infinity":3,"b:88:2:90:Infinity:undefined:undefined:undefined:undefined":9,"s:88:2:90:Infinity":24,"s:89:4:89:Infinity":25,"s:93:17:93:Infinity":26,"s:94:17:94:Infinity":27,"s:95:20:95:Infinity":28,"s:96:21:96:Infinity":29,"s:99:13:99:Infinity":30,"s:100:13:100:Infinity":31,"s:101:16:101:Infinity":32,"s:102:17:102:Infinity":33,"s:105:26:105:Infinity":34,"s:106:26:106:Infinity":35,"b:108:2:112:Infinity:110:2:112:Infinity":10,"s:108:2:112:Infinity":36,"b:108:6:108:25:108:25:108:43":11,"s:109:4:109:Infinity":37,"b:110:2:112:Infinity:undefined:undefined:undefined:undefined":12,"s:110:2:112:Infinity":38,"b:110:13:110:32:110:32:110:50":13,"s:111:4:111:Infinity":39,"s:116:15:116:Infinity":40,"s:117:15:117:Infinity":41,"s:118:19:118:Infinity":42,"s:120:15:120:Infinity":43,"s:121:15:121:Infinity":44,"s:123:2:123:Infinity":45,"b:123:23:123:39:123:39:123:Infinity":14,"f:130:16:130:32":4,"s:131:2:131:Infinity":46}}}
}
